09.06.2025 - 04:14:07 - [TAB v5.2.1] Blocked attempt to add player HotBoiTrungKi into team 3-Member (expected team: 7HotBoiTrungKiA)
09.06.2025 - 04:14:42 - [TAB v5.2.1] Blocked attempt to add player HotBoiTrungKi into team 1-Admin (expected team: 7HotBoiTrungKiA)
09.06.2025 - 05:14:01 - [TAB v5.2.1] Blocked attempt to add player HotBoiTrungKi into team ivan (expected team: 7HotBoiTrungKiA)
09.06.2025 - 07:02:36 - [TAB v5.2.1] Blocked attempt to add player SAOEasyv into team JustaTeam (expected team: 6SAOEasyvA)
09.06.2025 - 07:31:44 - [TAB v5.2.1] Blocked attempt to add player nambunvll into team bang (expected team: 6nambunvllA)
09.06.2025 - 07:53:35 - [TAB v5.2.1] Blocked attempt to add player BE_Minhdzzzzzzzz into team chill (expected team: 6BE_MinhdzzzzzzA)
09.06.2025 - 07:53:35 - [TAB v5.2.1] Blocked attempt to add player BE_Minhdzzzzzzzz into team chill (expected team: 6BE_MinhdzzzzzzA)
09.06.2025 - 07:56:10 - [TAB v5.2.1] Blocked attempt to add player BE_AcidHornet852 into team buoibeo (expected team: 6BE_AcidHornet8A)
09.06.2025 - 08:33:51 - [TAB v5.2.1] Blocked attempt to add player NotMausiii into team bang (expected team: 6NotMausiiiA)
09.06.2025 - 08:34:08 - [TAB v5.2.1] Blocked attempt to add player SAOEasyv into team JustaTeam (expected team: 6SAOEasyvA)
09.06.2025 - 08:34:17 - [TAB v5.2.1] Blocked attempt to add player damuocdat into team JustaTeam (expected team: 6damuocdatA)
09.06.2025 - 08:36:37 - [TAB v5.2.1] Blocked attempt to add player NotMausiii into team bang (expected team: 6NotMausiiiA)
09.06.2025 - 08:37:51 - [TAB v5.2.1] Blocked attempt to add player NotMausiii into team bang (expected team: 6NotMausiiiA)
09.06.2025 - 08:38:15 - [TAB v5.2.1] Blocked attempt to add player nambunvll into team bang (expected team: 6nambunvllA)
09.06.2025 - 08:38:19 - [TAB v5.2.1] Blocked attempt to add player SAOEasyv into team JustaTeam (expected team: 6SAOEasyvA)
09.06.2025 - 08:50:30 - [TAB v5.2.1] Blocked attempt to add player NotMausiii into team bang (expected team: 6NotMausiiiA)
09.06.2025 - 08:50:31 - [TAB v5.2.1] Blocked attempt to add player SAOEasyv into team JustaTeam (expected team: 6SAOEasyvA)
09.06.2025 - 08:51:05 - [TAB v5.2.1] Blocked attempt to add player nambunvll into team bang (expected team: 6nambunvllA)
09.06.2025 - 08:53:21 - [TAB v5.2.1] Blocked attempt to add player NotMausiii into team bang (expected team: 6NotMausiiiA)
09.06.2025 - 08:54:43 - [TAB v5.2.1] Blocked attempt to add player nambunvll into team bang (expected team: 6nambunvllA)
09.06.2025 - 08:59:58 - [TAB v5.2.1] Blocked attempt to add player SAOEasyv into team JustaTeam (expected team: 6SAOEasyvA)
09.06.2025 - 09:05:14 - [TAB v5.2.1] Blocked attempt to add player SAOEasyv into team JustaTeam (expected team: 7SAOEasyvA)
09.06.2025 - 09:06:08 - [TAB v5.2.1] Blocked attempt to add player damuocdat into team JustaTeam (expected team: 6damuocdatA)
09.06.2025 - 10:39:22 - [TAB v5.2.1] Blocked attempt to add player SAOEasyv into team JustaTeam (expected team: 7SAOEasyvA)
09.06.2025 - 10:42:49 - [TAB v5.2.1] Blocked attempt to add player damuocdat into team JustaTeam (expected team: 6damuocdatA)
09.06.2025 - 10:46:40 - [TAB v5.2.1] Blocked attempt to add player BE_Minhdzzzzzzzz into team chill (expected team: 6BE_MinhdzzzzzzA)
09.06.2025 - 11:29:14 - [TAB v5.2.1] Blocked attempt to add player NotMausiii into team bang (expected team: 6NotMausiiiA)
09.06.2025 - 12:15:29 - [TAB v5.2.1] Blocked attempt to add player damuocdat into team JustaTeam (expected team: 6damuocdatA)
09.06.2025 - 12:16:32 - [TAB v5.2.1] Blocked attempt to add player SAOEasyv into team JustaTeam (expected team: 7SAOEasyvA)
09.06.2025 - 12:20:21 - [TAB v5.2.1] Blocked attempt to add player NotMausiii into team bang (expected team: 6NotMausiiiA)
09.06.2025 - 12:22:08 - [TAB v5.2.1] Blocked attempt to add player nambunvll into team bang (expected team: 6nambunvllA)
09.06.2025 - 12:24:19 - [TAB v5.2.1] Blocked attempt to add player BE_Lomono2234 into team bang (expected team: 6BE_Lomono2234A)
09.06.2025 - 12:28:16 - [TAB v5.2.1] Blocked attempt to add player SAOEasyv into team JustaTeam (expected team: 7SAOEasyvA)
09.06.2025 - 12:52:49 - [TAB v5.2.1] Blocked attempt to add player NotMausiii into team bang1 (expected team: 6NotMausiiiA)
09.06.2025 - 12:52:50 - [TAB v5.2.1] Blocked attempt to add player SAOEasyv into team JustaTeam1 (expected team: 7SAOEasyvA)
09.06.2025 - 12:53:06 - [TAB v5.2.1] Blocked attempt to add player nambunvll into team bang1 (expected team: 6nambunvllA)
09.06.2025 - 12:53:23 - [TAB v5.2.1] Blocked attempt to add player BE_Lomono2234 into team bang1 (expected team: 6BE_Lomono2234A)
09.06.2025 - 12:53:40 - [TAB v5.2.1] Blocked attempt to add player damuocdat into team JustaTeam1 (expected team: 6damuocdatA)
09.06.2025 - 12:57:45 - [TAB v5.2.1] Blocked attempt to add player NotMausiii into team bang1 (expected team: 6NotMausiiiA)
09.06.2025 - 13:18:31 - [TAB v5.2.1] Blocked attempt to add player nambunvll into team bang1 (expected team: 6nambunvllA)
09.06.2025 - 13:25:03 - [TAB v5.2.1] Blocked attempt to add player BE_DuyTapChoi_46 into team JustaTeam1 (expected team: 6BE_DuyTapChoi_A)
09.06.2025 - 13:28:20 - [TAB v5.2.1] Blocked attempt to add player BE_Minhdzzzzzzzz into team chill (expected team: 6BE_MinhdzzzzzzA)
09.06.2025 - 13:32:41 - [TAB v5.2.1] Blocked attempt to add player SAOEasyv into team JustaTeam1 (expected team: 7SAOEasyvA)
09.06.2025 - 13:34:38 - [TAB v5.2.1] Blocked attempt to add player BE_Minhdzzzzzzzz into team chill (expected team: 6BE_MinhdzzzzzzA)
09.06.2025 - 13:40:29 - [TAB v5.2.1] Blocked attempt to add player BE_Lomono2234 into team bang1 (expected team: 6BE_Lomono2234A)
09.06.2025 - 13:44:56 - [TAB v5.2.1] Blocked attempt to add player nambunvll into team bang1 (expected team: 6nambunvllA)
09.06.2025 - 13:44:56 - [TAB v5.2.1] Blocked attempt to add player nambunvll into team bang1 (expected team: 6nambunvllA)
09.06.2025 - 13:46:18 - [TAB v5.2.1] Blocked attempt to add player BE_Minhdzzzzzzzz into team chill (expected team: 6BE_MinhdzzzzzzA)
09.06.2025 - 13:51:28 - [TAB v5.2.1] Blocked attempt to add player NotMausiii into team bang1 (expected team: 6NotMausiiiA)
09.06.2025 - 13:52:32 - [TAB v5.2.1] Blocked attempt to add player Miraitowa_VN into team Andeptrai (expected team: 6Miraitowa_VNA)
09.06.2025 - 13:55:40 - [TAB v5.2.1] Blocked attempt to add player BE_Lomono2234 into team bang1 (expected team: 6BE_Lomono2234A)
09.06.2025 - 14:01:56 - [TAB v5.2.1] Blocked attempt to add player BE_Minhdzzzzzzzz into team chill (expected team: 6BE_MinhdzzzzzzA)
09.06.2025 - 14:03:44 - [TAB v5.2.1] Blocked attempt to add player BE_Lomono2234 into team bang1 (expected team: 6BE_Lomono2234A)
09.06.2025 - 14:17:08 - [TAB v5.2.1] Blocked attempt to add player BE_Minhdzzzzzzzz into team chill (expected team: 6BE_MinhdzzzzzzA)
09.06.2025 - 14:19:43 - [TAB v5.2.1] Blocked attempt to add player NotMausiii into team bang1 (expected team: 6NotMausiiiA)
09.06.2025 - 14:19:50 - [TAB v5.2.1] Blocked attempt to add player nambunvll into team bang1 (expected team: 6nambunvllA)
09.06.2025 - 14:19:59 - [TAB v5.2.1] Blocked attempt to add player Miraitowa_VN into team Andeptrai (expected team: 6Miraitowa_VNA)
09.06.2025 - 14:20:01 - [TAB v5.2.1] Blocked attempt to add player SAOEasyv into team JustaTeam1 (expected team: 7SAOEasyvA)
09.06.2025 - 14:20:06 - [TAB v5.2.1] Blocked attempt to add player BE_Lomono2234 into team bang1 (expected team: 6BE_Lomono2234A)
09.06.2025 - 14:20:32 - [TAB v5.2.1] Blocked attempt to add player damuocdat into team JustaTeam1 (expected team: 6damuocdatA)
09.06.2025 - 14:20:36 - [TAB v5.2.1] Blocked attempt to add player Miraitowa_VN into team Andeptrai (expected team: 6Miraitowa_VNA)
09.06.2025 - 14:20:38 - [TAB v5.2.1] Blocked attempt to add player BE_Lomono2234 into team bang1 (expected team: 6BE_Lomono2234A)
09.06.2025 - 14:21:00 - [TAB v5.2.1] Blocked attempt to add player BE_Minhdzzzzzzzz into team chill (expected team: 6BE_MinhdzzzzzzA)
09.06.2025 - 14:22:46 - [TAB v5.2.1] Blocked attempt to add player BE_Lomono2234 into team bang1 (expected team: 6BE_Lomono2234A)
09.06.2025 - 14:23:20 - [TAB v5.2.1] Blocked attempt to add player nambunvll into team bang1 (expected team: 6nambunvllA)
09.06.2025 - 14:32:53 - [TAB v5.2.1] Blocked attempt to add player Miraitowa_VN into team Andeptrai (expected team: 6Miraitowa_VNA)
09.06.2025 - 14:34:05 - [TAB v5.2.1] Blocked attempt to add player nambunvll into team bang1 (expected team: 6nambunvllA)
09.06.2025 - 14:35:05 - [TAB v5.2.1] Blocked attempt to add player BE_Minhdzzzzzzzz into team chill (expected team: 6BE_MinhdzzzzzzA)
09.06.2025 - 14:37:09 - [TAB v5.2.1] Blocked attempt to add player NotMausiii into team bang1 (expected team: 6NotMausiiiA)
09.06.2025 - 14:37:10 - [TAB v5.2.1] Blocked attempt to add player Miraitowa_VN into team Andeptrai (expected team: 6Miraitowa_VNA)
09.06.2025 - 14:37:10 - [TAB v5.2.1] Blocked attempt to add player damuocdat into team JustaTeam1 (expected team: 6damuocdatA)
09.06.2025 - 14:37:13 - [TAB v5.2.1] Blocked attempt to add player nambunvll into team bang1 (expected team: 6nambunvllA)
09.06.2025 - 14:37:17 - [TAB v5.2.1] Blocked attempt to add player SAOEasyv into team JustaTeam1 (expected team: 7SAOEasyvA)
09.06.2025 - 14:37:18 - [TAB v5.2.1] Blocked attempt to add player BE_Minhdzzzzzzzz into team chill (expected team: 6BE_MinhdzzzzzzA)
09.06.2025 - 14:38:03 - [TAB v5.2.1] Blocked attempt to add player BE_Lomono2234 into team bang1 (expected team: 6BE_Lomono2234A)
09.06.2025 - 14:45:52 - [TAB v5.2.1] Blocked attempt to add player NotMausiii into team bang1 (expected team: 6NotMausiiiA)
09.06.2025 - 14:45:53 - [TAB v5.2.1] Blocked attempt to add player damuocdat into team JustaTeam1 (expected team: 6damuocdatA)
09.06.2025 - 14:45:53 - [TAB v5.2.1] Blocked attempt to add player nambunvll into team bang1 (expected team: 6nambunvllA)
09.06.2025 - 14:46:00 - [TAB v5.2.1] Blocked attempt to add player SAOEasyv into team JustaTeam1 (expected team: 7SAOEasyvA)
09.06.2025 - 14:46:06 - [TAB v5.2.1] Blocked attempt to add player BE_Lomono2234 into team bang1 (expected team: 6BE_Lomono2234A)
09.06.2025 - 14:49:54 - [TAB v5.2.1] Blocked attempt to add player NotMausiii into team bang1 (expected team: 6NotMausiiiA)
09.06.2025 - 14:52:14 - [TAB v5.2.1] Blocked attempt to add player nambunvll into team bang1 (expected team: 6nambunvllA)
09.06.2025 - 14:52:14 - [TAB v5.2.1] Blocked attempt to add player nambunvll into team bang1 (expected team: 6nambunvllA)
10.06.2025 - 00:51:09 - [TAB v5.2.1] Blocked attempt to add player SAOEasyv into team JustaTeam1 (expected team: 7SAOEasyvA)
10.06.2025 - 00:51:20 - [TAB v5.2.1] Blocked attempt to add player BE_DuyTapChoi_46 into team JustaTeam1 (expected team: 6BE_DuyTapChoi_A)
10.06.2025 - 00:53:20 - [TAB v5.2.1] Blocked attempt to add player damuocdat into team JustaTeam1 (expected team: 6damuocdatA)
10.06.2025 - 00:55:16 - [TAB v5.2.1] Blocked attempt to add player BE_DuyTapChoi_46 into team JustaTeam1 (expected team: 6BE_DuyTapChoi_A)
10.06.2025 - 01:00:41 - [TAB v5.2.1] Blocked attempt to add player SAOEasyv into team JustaTeam1 (expected team: 7SAOEasyvA)
10.06.2025 - 01:00:49 - [TAB v5.2.1] Blocked attempt to add player damuocdat into team JustaTeam1 (expected team: 6damuocdatA)
10.06.2025 - 01:02:08 - [TAB v5.2.1] Blocked attempt to add player BE_DuyTapChoi_46 into team JustaTeam1 (expected team: 6BE_DuyTapChoi_A)
10.06.2025 - 01:03:07 - [TAB v5.2.1] Blocked attempt to add player DuyTapChoi_4692 into team JustaTeam1 (expected team: 6DuyTapChoi_469A)
10.06.2025 - 01:03:39 - [TAB v5.2.1] Blocked attempt to add player BE_DuyTapChoi_46 into team JustaTeam1 (expected team: 6BE_DuyTapChoi_A)
10.06.2025 - 01:04:12 - [TAB v5.2.1] Blocked attempt to add player SAOEasyv into team JustaTeam1 (expected team: 7SAOEasyvA)
10.06.2025 - 01:04:12 - [TAB v5.2.1] Blocked attempt to add player damuocdat into team JustaTeam1 (expected team: 6damuocdatA)
10.06.2025 - 01:04:22 - [TAB v5.2.1] Blocked attempt to add player SAOEasyv into team JustaTeam1 (expected team: 7SAOEasyvA)
10.06.2025 - 01:04:32 - [TAB v5.2.1] Blocked attempt to add player BE_DuyTapChoi_46 into team JustaTeam1 (expected team: 6BE_DuyTapChoi_A)
10.06.2025 - 01:07:12 - [TAB v5.2.1] Blocked attempt to add player DuyTapChoi_4692 into team JustaTeam1 (expected team: 6DuyTapChoi_469A)
10.06.2025 - 01:07:36 - [TAB v5.2.1] Blocked attempt to add player BE_DuyTapChoi_46 into team JustaTeam1 (expected team: 6BE_DuyTapChoi_A)
10.06.2025 - 01:12:02 - [TAB v5.2.1] Blocked attempt to add player damuocdat into team JustaTeam1 (expected team: 6damuocdatA)
10.06.2025 - 01:12:07 - [TAB v5.2.1] Blocked attempt to add player SAOEasyv into team JustaTeam1 (expected team: 7SAOEasyvA)
10.06.2025 - 01:12:30 - [TAB v5.2.1] Blocked attempt to add player BE_DuyTapChoi_46 into team JustaTeam1 (expected team: 6BE_DuyTapChoi_A)
10.06.2025 - 01:14:23 - [TAB v5.2.1] Blocked attempt to add player DuyTapChoi_4692 into team JustaTeam1 (expected team: 6DuyTapChoi_469A)
10.06.2025 - 01:18:55 - [TAB v5.2.1] Blocked attempt to add player BE_Minhdzzzzzzzz into team chill (expected team: 6BE_MinhdzzzzzzA)
10.06.2025 - 01:19:42 - [TAB v5.2.1] Blocked attempt to add player SAOEasyv into team JustaTeam1 (expected team: 7SAOEasyvA)
10.06.2025 - 01:23:09 - [TAB v5.2.1] Blocked attempt to add player BE_Lomono2234 into team bang1 (expected team: 6BE_Lomono2234A)
10.06.2025 - 01:31:40 - [TAB v5.2.1] Blocked attempt to add player SAOEasyv into team JustaTeam1 (expected team: 7SAOEasyvA)
10.06.2025 - 01:32:23 - [TAB v5.2.1] Blocked attempt to add player BE_DuyTapChoi_46 into team JustaTeam1 (expected team: 6BE_DuyTapChoi_A)
10.06.2025 - 01:38:27 - [TAB v5.2.1] Blocked attempt to add player SAOEasyv into team JustaTeam1 (expected team: 7SAOEasyvA)
10.06.2025 - 01:40:25 - [TAB v5.2.1] Blocked attempt to add player damuocdat into team JustaTeam1 (expected team: 6damuocdatA)
10.06.2025 - 01:42:14 - [TAB v5.2.1] Blocked attempt to add player BE_Minhdzzzzzzzz into team chill (expected team: 6BE_MinhdzzzzzzA)
10.06.2025 - 01:50:45 - [TAB v5.2.1] Blocked attempt to add player damuocdat into team JustaTeam1 (expected team: 6damuocdatA)
10.06.2025 - 01:50:51 - [TAB v5.2.1] Blocked attempt to add player SAOEasyv into team JustaTeam1 (expected team: 7SAOEasyvA)
10.06.2025 - 01:53:37 - [TAB v5.2.1] Blocked attempt to add player SAOEasyv into team JustaTeam1 (expected team: 7SAOEasyvA)
10.06.2025 - 01:54:19 - [TAB v5.2.1] Blocked attempt to add player damuocdat into team JustaTeam1 (expected team: 6damuocdatA)
10.06.2025 - 02:10:11 - [TAB v5.2.1] Blocked attempt to add player Miraitowa_VN into team Andeptrai (expected team: 6Miraitowa_VNA)
10.06.2025 - 02:34:22 - [TAB v5.2.1] Blocked attempt to add player BE_DuyTapChoi_46 into team JustaTeam1 (expected team: 6BE_DuyTapChoi_A)
10.06.2025 - 02:51:57 - [TAB v5.2.1] Blocked attempt to add player Miraitowa_VN into team Andeptrai (expected team: 6Miraitowa_VNA)
10.06.2025 - 02:54:01 - [TAB v5.2.1] Blocked attempt to add player damuocdat into team JustaTeam1 (expected team: 6damuocdatA)
10.06.2025 - 02:54:46 - [TAB v5.2.1] Blocked attempt to add player Miraitowa_VN into team Andeptrai (expected team: 6Miraitowa_VNA)
10.06.2025 - 02:58:43 - [TAB v5.2.1] Blocked attempt to add player damuocdat into team JustaTeam1 (expected team: 6damuocdatA)
10.06.2025 - 03:19:29 - [TAB v5.2.1] Blocked attempt to add player nambunvll into team bang1 (expected team: 6nambunvllA)
10.06.2025 - 04:39:15 - [TAB v5.2.1] Blocked attempt to add player damuocdat into team JustaTeam1 (expected team: 6damuocdatA)
10.06.2025 - 04:40:01 - [TAB v5.2.1] Blocked attempt to add player BE_DuyTapChoi_46 into team JustaTeam1 (expected team: 6BE_DuyTapChoi_A)
10.06.2025 - 04:45:28 - [TAB v5.2.1] Blocked attempt to add player nambunvll into team bang1 (expected team: 6nambunvllA)
10.06.2025 - 04:49:19 - [TAB v5.2.1] Blocked attempt to add player BE_DuyTapChoi_46 into team JustaTeam1 (expected team: 6BE_DuyTapChoi_A)
10.06.2025 - 04:57:16 - [TAB v5.2.1] Blocked attempt to add player BE_Minhdzzzzzzzz into team chill (expected team: 6BE_MinhdzzzzzzA)
10.06.2025 - 05:24:10 - [TAB v5.2.1] Blocked attempt to add player nambunvll into team bang1 (expected team: 6nambunvllA)
10.06.2025 - 05:57:25 - [TAB v5.2.1] Blocked attempt to add player BE_Minhdzzzzzzzz into team chill (expected team: 6BE_MinhdzzzzzzA)
10.06.2025 - 06:04:46 - [TAB v5.2.1] Blocked attempt to add player nambunvll into team bang1 (expected team: 6nambunvllA)
10.06.2025 - 06:06:19 - [TAB v5.2.1] Blocked attempt to add player SAOEasyv into team JustaTeam1 (expected team: 7SAOEasyvA)
10.06.2025 - 06:06:19 - [TAB v5.2.1] Blocked attempt to add player SAOEasyv into team JustaTeam1 (expected team: 7SAOEasyvA)
10.06.2025 - 06:09:18 - [TAB v5.2.1] Blocked attempt to add player nambunvll into team bang1 (expected team: 6nambunvllA)
10.06.2025 - 06:31:56 - [TAB v5.2.1] Blocked attempt to add player SAOEasyv into team JustaTeam1 (expected team: 7SAOEasyvA)
10.06.2025 - 06:43:02 - [TAB v5.2.1] Blocked attempt to add player nambunvll into team bang1 (expected team: 6nambunvllA)
10.06.2025 - 07:22:12 - [TAB v5.2.1] Blocked attempt to add player SAOEasyv into team JustaTeam2 (expected team: 7SAOEasyvA)
10.06.2025 - 07:22:12 - [TAB v5.2.1] Blocked attempt to add player nambunvll into team bang2 (expected team: 6nambunvllA)
10.06.2025 - 07:23:57 - [TAB v5.2.1] Blocked attempt to add player damuocdat into team JustaTeam2 (expected team: 6damuocdatA)
10.06.2025 - 07:25:33 - [TAB v5.2.1] Blocked attempt to add player SAOEasyv into team JustaTeam2 (expected team: 7SAOEasyvA)
10.06.2025 - 07:26:04 - [TAB v5.2.1] Blocked attempt to add player nambunvll into team bang2 (expected team: 6nambunvllA)
10.06.2025 - 07:33:24 - [TAB v5.2.1] Blocked attempt to add player SAOEasyv into team JustaTeam2 (expected team: 7SAOEasyvA)
10.06.2025 - 07:34:52 - [TAB v5.2.1] Blocked attempt to add player nambunvll into team bang2 (expected team: 6nambunvllA)
10.06.2025 - 07:34:52 - [TAB v5.2.1] Blocked attempt to add player nambunvll into team bang2 (expected team: 6nambunvllA)
10.06.2025 - 08:08:18 - [TAB v5.2.1] Blocked attempt to add player BE_Lomono2234 into team bang2 (expected team: 6BE_Lomono2234A)
10.06.2025 - 08:27:50 - [TAB v5.2.1] Blocked attempt to add player SAOEasyv into team JustaTeam2 (expected team: 7SAOEasyvA)
10.06.2025 - 08:31:06 - [TAB v5.2.1] Blocked attempt to add player damuocdat into team JustaTeam2 (expected team: 6damuocdatA)
10.06.2025 - 08:41:18 - [TAB v5.2.1] Blocked attempt to add player Miraitowa_VN into team Andeptrai (expected team: 6Miraitowa_VNA)
10.06.2025 - 09:03:38 - [TAB v5.2.1] Blocked attempt to add player damuocdat into team JustaTeam2 (expected team: 6damuocdatA)
10.06.2025 - 09:03:53 - [TAB v5.2.1] Blocked attempt to add player SAOEasyv into team JustaTeam2 (expected team: 7SAOEasyvA)
10.06.2025 - 09:04:12 - [TAB v5.2.1] Blocked attempt to add player Miraitowa_VN into team Andeptrai (expected team: 6Miraitowa_VNA)
10.06.2025 - 09:12:58 - [TAB v5.2.1] Blocked attempt to add player SAOEasyv into team JustaTeam2 (expected team: 7SAOEasyvA)
10.06.2025 - 09:14:58 - [TAB v5.2.1] Blocked attempt to add player damuocdat into team JustaTeam2 (expected team: 6damuocdatA)
10.06.2025 - 09:15:01 - [TAB v5.2.1] Blocked attempt to add player SAOEasyv into team JustaTeam2 (expected team: 7SAOEasyvA)
10.06.2025 - 09:15:32 - [TAB v5.2.1] Blocked attempt to add player Miraitowa_VN into team Andeptrai (expected team: 6Miraitowa_VNA)
10.06.2025 - 09:15:55 - [TAB v5.2.1] Blocked attempt to add player SAOEasyv into team JustaTeam2 (expected team: 7SAOEasyvA)
10.06.2025 - 09:30:29 - [TAB v5.2.1] Blocked attempt to add player Miraitowa_VN into team Andeptrai (expected team: 6Miraitowa_VNA)
10.06.2025 - 09:30:29 - [TAB v5.2.1] Blocked attempt to add player Miraitowa_VN into team Andeptrai (expected team: 6Miraitowa_VNA)
10.06.2025 - 09:31:44 - [TAB v5.2.1] Blocked attempt to add player SAOEasyv into team JustaTeam2 (expected team: 7SAOEasyvA)
10.06.2025 - 09:35:48 - [TAB v5.2.1] Blocked attempt to add player Miraitowa_VN into team Andeptrai (expected team: 6Miraitowa_VNA)
10.06.2025 - 09:35:48 - [TAB v5.2.1] Blocked attempt to add player Miraitowa_VN into team Andeptrai (expected team: 6Miraitowa_VNA)
10.06.2025 - 09:39:46 - [TAB v5.2.1] Blocked attempt to add player SAOEasyv into team JustaTeam2 (expected team: 7SAOEasyvA)
10.06.2025 - 10:05:39 - [TAB v5.2.1] Blocked attempt to add player damuocdat into team JustaTeam2 (expected team: 6damuocdatA)
10.06.2025 - 10:07:13 - [TAB v5.2.1] Blocked attempt to add player BE_DuyTapChoi_46 into team JustaTeam2 (expected team: 6BE_DuyTapChoi_A)
10.06.2025 - 10:24:53 - [TAB v5.2.1] Blocked attempt to add player BE_Minhdzzzzzzzz into team chill (expected team: 6BE_MinhdzzzzzzA)
10.06.2025 - 10:25:20 - [TAB v5.2.1] Blocked attempt to add player SAOEasyv into team JustaTeam2 (expected team: 7SAOEasyvA)
10.06.2025 - 11:54:47 - [TAB v5.2.1] Blocked attempt to add player BE_Minhdzzzzzzzz into team chill (expected team: 6BE_MinhdzzzzzzA)
10.06.2025 - 11:56:54 - [TAB v5.2.1] Blocked attempt to add player NotMausiii into team bang2 (expected team: 6NotMausiiiA)
10.06.2025 - 12:09:06 - [TAB v5.2.1] Blocked attempt to add player BE_Minhdzzzzzzzz into team chill (expected team: 6BE_MinhdzzzzzzA)
10.06.2025 - 12:41:30 - [TAB v5.2.1] Blocked attempt to add player nambunvll into team bang2 (expected team: 6nambunvllA)
10.06.2025 - 12:41:37 - [TAB v5.2.1] Blocked attempt to add player BE_Minhdzzzzzzzz into team chill (expected team: 6BE_MinhdzzzzzzA)
10.06.2025 - 12:45:18 - [TAB v5.2.1] Blocked attempt to add player NotMausiii into team bang2 (expected team: 6NotMausiiiA)
10.06.2025 - 12:52:01 - [TAB v5.2.1] Blocked attempt to add player SAOEasyv into team JustaTeam2 (expected team: 7SAOEasyvA)
10.06.2025 - 12:56:00 - [TAB v5.2.1] Blocked attempt to add player nambunvll into team bang2 (expected team: 6nambunvllA)
10.06.2025 - 12:57:26 - [TAB v5.2.1] Blocked attempt to add player NotMausiii into team bang2 (expected team: 6NotMausiiiA)
10.06.2025 - 12:57:48 - [TAB v5.2.1] Blocked attempt to add player nambunvll into team bang2 (expected team: 6nambunvllA)
10.06.2025 - 12:58:14 - [TAB v5.2.1] Blocked attempt to add player SAOEasyv into team JustaTeam2 (expected team: 7SAOEasyvA)
10.06.2025 - 12:58:18 - [TAB v5.2.1] Blocked attempt to add player nambunvll into team bang2 (expected team: 6nambunvllA)
10.06.2025 - 12:59:05 - [TAB v5.2.1] Blocked attempt to add player SAOEasyv into team JustaTeam2 (expected team: 7SAOEasyvA)
10.06.2025 - 12:59:12 - [TAB v5.2.1] Blocked attempt to add player nambunvll into team bang2 (expected team: 6nambunvllA)
10.06.2025 - 13:01:04 - [TAB v5.2.1] Blocked attempt to add player NotMausiii into team bang2 (expected team: 6NotMausiiiA)
10.06.2025 - 13:01:06 - [TAB v5.2.1] Blocked attempt to add player nambunvll into team bang2 (expected team: 6nambunvllA)
10.06.2025 - 13:01:21 - [TAB v5.2.1] Blocked attempt to add player NotMausiii into team bang2 (expected team: 6NotMausiiiA)
10.06.2025 - 13:01:26 - [TAB v5.2.1] Blocked attempt to add player nambunvll into team bang2 (expected team: 6nambunvllA)
10.06.2025 - 13:01:32 - [TAB v5.2.1] Blocked attempt to add player BE_DuyTapChoi_46 into team JustaTeam2 (expected team: 6BE_DuyTapChoi_A)
10.06.2025 - 13:01:45 - [TAB v5.2.1] Blocked attempt to add player damuocdat into team JustaTeam2 (expected team: 6damuocdatA)
10.06.2025 - 13:01:45 - [TAB v5.2.1] Blocked attempt to add player damuocdat into team JustaTeam2 (expected team: 6damuocdatA)
10.06.2025 - 13:02:08 - [TAB v5.2.1] Blocked attempt to add player NotMausiii into team bang2 (expected team: 6NotMausiiiA)
10.06.2025 - 13:02:23 - [TAB v5.2.1] Blocked attempt to add player nambunvll into team bang2 (expected team: 6nambunvllA)
10.06.2025 - 13:02:23 - [TAB v5.2.1] Blocked attempt to add player nambunvll into team bang2 (expected team: 6nambunvllA)
10.06.2025 - 13:06:20 - [TAB v5.2.1] Blocked attempt to add player SAOEasyv into team JustaTeam2 (expected team: 7SAOEasyvA)
10.06.2025 - 13:19:04 - [TAB v5.2.1] Blocked attempt to add player damuocdat into team JustaTeam2 (expected team: 6damuocdatA)
10.06.2025 - 13:25:46 - [TAB v5.2.1] Blocked attempt to add player BE_Lomono2234 into team bang2 (expected team: 6BE_Lomono2234A)
10.06.2025 - 13:32:55 - [TAB v5.2.1] Blocked attempt to add player BE_AdoredFawn913 into team JustaTeam2 (expected team: 6BE_AdoredFawn9A)
10.06.2025 - 14:35:14 - [TAB v5.2.1] Blocked attempt to add player BE_AdoredFawn913 into team JustaTeam2 (expected team: 6BE_AdoredFawn9A)
10.06.2025 - 14:35:16 - [TAB v5.2.1] Blocked attempt to add player SAOEasyv into team JustaTeam2 (expected team: 7SAOEasyvA)
10.06.2025 - 14:37:23 - [TAB v5.2.1] Blocked attempt to add player NotMausiii into team bang2 (expected team: 6NotMausiiiA)
10.06.2025 - 14:37:54 - [TAB v5.2.1] Blocked attempt to add player damuocdat into team JustaTeam2 (expected team: 6damuocdatA)
10.06.2025 - 14:38:57 - [TAB v5.2.1] Blocked attempt to add player NotMausiii into team bang2 (expected team: 6NotMausiiiA)
10.06.2025 - 14:40:09 - [TAB v5.2.1] Blocked attempt to add player nambunvll into team bang2 (expected team: 6nambunvllA)
10.06.2025 - 14:40:35 - [TAB v5.2.1] Blocked attempt to add player damuocdat into team JustaTeam2 (expected team: 6damuocdatA)
10.06.2025 - 14:41:22 - [TAB v5.2.1] Blocked attempt to add player BE_Lomono2234 into team bang2 (expected team: 6BE_Lomono2234A)
10.06.2025 - 14:41:33 - [TAB v5.2.1] Blocked attempt to add player damuocdat into team JustaTeam2 (expected team: 6damuocdatA)
10.06.2025 - 14:47:49 - [TAB v5.2.1] Blocked attempt to add player BE_Minhdzzzzzzzz into team chill (expected team: 6BE_MinhdzzzzzzA)
10.06.2025 - 14:47:56 - [TAB v5.2.1] Blocked attempt to add player damuocdat into team JustaTeam2 (expected team: 6damuocdatA)
10.06.2025 - 14:51:07 - [TAB v5.2.1] Blocked attempt to add player BE_Lomono2234 into team bang2 (expected team: 6BE_Lomono2234A)
10.06.2025 - 14:54:59 - [TAB v5.2.1] Blocked attempt to add player BE_AdoredFawn913 into team JustaTeam2 (expected team: 6BE_AdoredFawn9A)
10.06.2025 - 14:58:02 - [TAB v5.2.1] Blocked attempt to add player SAOEasyv into team JustaTeam2 (expected team: 7SAOEasyvA)
10.06.2025 - 14:58:31 - [TAB v5.2.1] Blocked attempt to add player nambunvll into team bang2 (expected team: 6nambunvllA)
10.06.2025 - 15:15:26 - [TAB v5.2.1] Blocked attempt to add player NotMausiii into team bang2 (expected team: 6NotMausiiiA)
10.06.2025 - 15:15:31 - [TAB v5.2.1] Blocked attempt to add player nambunvll into team bang2 (expected team: 6nambunvllA)
11.06.2025 - 01:29:28 - [TAB v5.2.1] Blocked attempt to add player BE_AdoredFawn913 into team JustaTeam3 (expected team: 6BE_AdoredFawn9A)
11.06.2025 - 01:30:42 - [TAB v5.2.1] Blocked attempt to add player NotMausiii into team bang3 (expected team: 6NotMausiiiA)
11.06.2025 - 01:30:51 - [TAB v5.2.1] Blocked attempt to add player SAOEasyv into team JustaTeam3 (expected team: 7SAOEasyvA)
11.06.2025 - 01:30:52 - [TAB v5.2.1] Blocked attempt to add player BE_AdoredFawn913 into team JustaTeam3 (expected team: 6BE_AdoredFawn9A)
11.06.2025 - 01:31:19 - [TAB v5.2.1] Blocked attempt to add player nambunvll into team bang3 (expected team: 6nambunvllA)
11.06.2025 - 01:34:17 - [TAB v5.2.1] Blocked attempt to add player BE_Lomono2234 into team bang3 (expected team: 6BE_Lomono2234A)
11.06.2025 - 01:39:01 - [TAB v5.2.1] Blocked attempt to add player damuocdat into team JustaTeam3 (expected team: 6damuocdatA)
11.06.2025 - 01:39:16 - [TAB v5.2.1] Blocked attempt to add player BE_AdoredFawn913 into team JustaTeam3 (expected team: 6BE_AdoredFawn9A)
11.06.2025 - 01:46:00 - [TAB v5.2.1] Blocked attempt to add player NotMausiii into team bang3 (expected team: 6NotMausiiiA)
11.06.2025 - 01:57:32 - [TAB v5.2.1] Blocked attempt to add player SAOEasyv into team JustaTeam3 (expected team: 7SAOEasyvA)
11.06.2025 - 01:57:57 - [TAB v5.2.1] Blocked attempt to add player nambunvll into team bang3 (expected team: 6nambunvllA)
11.06.2025 - 02:00:00 - [TAB v5.2.1] Blocked attempt to add player BE_Lomono2234 into team bang3 (expected team: 6BE_Lomono2234A)
11.06.2025 - 02:11:26 - [TAB v5.2.1] Blocked attempt to add player Miraitowa_VN into team Andeptrai (expected team: 6Miraitowa_VNA)
11.06.2025 - 02:18:33 - [TAB v5.2.1] Blocked attempt to add player BE_Lomono2234 into team bang3 (expected team: 6BE_Lomono2234A)
11.06.2025 - 02:20:30 - [TAB v5.2.1] Blocked attempt to add player BE_AdoredFawn913 into team JustaTeam3 (expected team: 6BE_AdoredFawn9A)
11.06.2025 - 02:32:59 - [TAB v5.2.1] Blocked attempt to add player Miraitowa_VN into team Andeptrai (expected team: 6Miraitowa_VNA)
11.06.2025 - 02:36:44 - [TAB v5.2.1] Blocked attempt to add player nambunvll into team bang3 (expected team: 6nambunvllA)
11.06.2025 - 02:49:09 - [TAB v5.2.1] Blocked attempt to add player NotMausiii into team bang3 (expected team: 6NotMausiiiA)
11.06.2025 - 02:50:38 - [TAB v5.2.1] Blocked attempt to add player nambunvll into team bang3 (expected team: 6nambunvllA)
11.06.2025 - 02:50:56 - [TAB v5.2.1] Blocked attempt to add player SAOEasyv into team JustaTeam3 (expected team: 7SAOEasyvA)
11.06.2025 - 02:52:08 - [TAB v5.2.1] Blocked attempt to add player NotMausiii into team bang3 (expected team: 6NotMausiiiA)
11.06.2025 - 03:09:45 - [TAB v5.2.1] Blocked attempt to add player nambunvll into team bang3 (expected team: 6nambunvllA)
11.06.2025 - 03:25:25 - [TAB v5.2.1] Blocked attempt to add player BE_Lomono2234 into team bang3 (expected team: 6BE_Lomono2234A)
11.06.2025 - 03:57:07 - [TAB v5.2.1] Blocked attempt to add player nambunvll into team bang3 (expected team: 6nambunvllA)
11.06.2025 - 04:16:49 - [TAB v5.2.1] Blocked attempt to add player nambunvll into team bang3 (expected team: 6nambunvllA)
11.06.2025 - 04:17:47 - [TAB v5.2.1] Blocked attempt to add player SAOEasyv into team JustaTeam3 (expected team: 7SAOEasyvA)
11.06.2025 - 05:13:30 - [TAB v5.2.1] Blocked attempt to add player SAOEasyv into team JustaTeam3 (expected team: 7SAOEasyvA)
11.06.2025 - 05:33:42 - [TAB v5.2.1] Blocked attempt to add player BE_Lomono2234 into team bang3 (expected team: 6BE_Lomono2234A)
11.06.2025 - 05:38:23 - [TAB v5.2.1] Blocked attempt to add player SAOEasyv into team JustaTeam3 (expected team: 7SAOEasyvA)
11.06.2025 - 05:44:57 - [TAB v5.2.1] Blocked attempt to add player BE_Lomono2234 into team bang3 (expected team: 6BE_Lomono2234A)
11.06.2025 - 05:45:01 - [TAB v5.2.1] Blocked attempt to add player SAOEasyv into team JustaTeam3 (expected team: 7SAOEasyvA)
11.06.2025 - 05:48:00 - [TAB v5.2.1] Blocked attempt to add player BE_DuyTapChoi_46 into team JustaTeam3 (expected team: 6BE_DuyTapChoi_A)
11.06.2025 - 05:49:55 - [TAB v5.2.1] Blocked attempt to add player SAOEasyv into team JustaTeam3 (expected team: 7SAOEasyvA)
11.06.2025 - 05:49:59 - [TAB v5.2.1] Blocked attempt to add player BE_AdoredFawn913 into team JustaTeam3 (expected team: 6BE_AdoredFawn9A)
11.06.2025 - 05:51:20 - [TAB v5.2.1] Blocked attempt to add player SAOEasyv into team JustaTeam3 (expected team: 7SAOEasyvA)
11.06.2025 - 05:52:23 - [TAB v5.2.1] Blocked attempt to add player nambunvll into team bang3 (expected team: 6nambunvllA)
11.06.2025 - 07:00:36 - [TAB v5.2.1] Blocked attempt to add player BE_Lomono2234 into team bang3 (expected team: 6BE_Lomono2234A)
11.06.2025 - 07:14:07 - [TAB v5.2.1] Blocked attempt to add player nambunvll into team bang3 (expected team: 6nambunvllA)
11.06.2025 - 07:15:31 - [TAB v5.2.1] Blocked attempt to add player BE_Minhdzzzzzzzz into team chill (expected team: 6BE_MinhdzzzzzzA)
11.06.2025 - 07:21:33 - [TAB v5.2.1] Blocked attempt to add player nambunvll into team bang3 (expected team: 6nambunvllA)
11.06.2025 - 07:35:00 - [TAB v5.2.1] Blocked attempt to add player nambunvll into team bang4 (expected team: 6nambunvllA)
11.06.2025 - 07:35:22 - [TAB v5.2.1] Blocked attempt to add player BE_Lomono2234 into team bang4 (expected team: 6BE_Lomono2234A)
11.06.2025 - 07:36:24 - [TAB v5.2.1] Blocked attempt to add player NotMausiii into team bang4 (expected team: 6NotMausiiiA)
11.06.2025 - 07:51:09 - [TAB v5.2.1] Blocked attempt to add player nambunvll into team bang4 (expected team: 6nambunvllA)
11.06.2025 - 07:56:25 - [TAB v5.2.1] Blocked attempt to add player damuocdat into team JustaTeam3 (expected team: 6damuocdatA)
11.06.2025 - 08:02:40 - [TAB v5.2.1] Blocked attempt to add player BE_Lomono2234 into team bang4 (expected team: 6BE_Lomono2234A)
11.06.2025 - 08:14:26 - [TAB v5.2.1] Blocked attempt to add player nambunvll into team bang4 (expected team: 6nambunvllA)
11.06.2025 - 08:14:26 - [TAB v5.2.1] Blocked attempt to add player nambunvll into team bang4 (expected team: 6nambunvllA)
11.06.2025 - 08:15:01 - [TAB v5.2.1] Blocked attempt to add player SAOEasyv into team JustaTeam3 (expected team: 7SAOEasyvA)
11.06.2025 - 08:15:56 - [TAB v5.2.1] Blocked attempt to add player BE_Lomono2234 into team bang4 (expected team: 6BE_Lomono2234A)
11.06.2025 - 08:16:21 - [TAB v5.2.1] Blocked attempt to add player SAOEasyv into team JustaTeam3 (expected team: 7SAOEasyvA)
11.06.2025 - 08:16:41 - [TAB v5.2.1] Blocked attempt to add player nambunvll into team bang4 (expected team: 6nambunvllA)
11.06.2025 - 08:17:50 - [TAB v5.2.1] Blocked attempt to add player SAOEasyv into team JustaTeam3 (expected team: 7SAOEasyvA)
11.06.2025 - 08:31:33 - [TAB v5.2.1] Blocked attempt to add player nambunvll into team bang4 (expected team: 6nambunvllA)
11.06.2025 - 08:31:33 - [TAB v5.2.1] Blocked attempt to add player nambunvll into team bang4 (expected team: 6nambunvllA)
11.06.2025 - 09:10:21 - [TAB v5.2.1] Blocked attempt to add player BE_Lomono2234 into team bang4 (expected team: 6BE_Lomono2234A)
11.06.2025 - 09:11:58 - [TAB v5.2.1] Blocked attempt to add player NotMausiii into team bang4 (expected team: 6NotMausiiiA)
11.06.2025 - 09:12:00 - [TAB v5.2.1] Blocked attempt to add player nambunvll into team bang4 (expected team: 6nambunvllA)
11.06.2025 - 09:13:04 - [TAB v5.2.1] Blocked attempt to add player NotMausiii into team bang4 (expected team: 6NotMausiiiA)
11.06.2025 - 09:13:10 - [TAB v5.2.1] Blocked attempt to add player nambunvll into team bang4 (expected team: 6nambunvllA)
11.06.2025 - 09:13:12 - [TAB v5.2.1] Blocked attempt to add player NotMausiii into team bang4 (expected team: 6NotMausiiiA)
11.06.2025 - 09:14:24 - [TAB v5.2.1] Blocked attempt to add player nambunvll into team bang4 (expected team: 6nambunvllA)
11.06.2025 - 09:15:34 - [TAB v5.2.1] Blocked attempt to add player NotMausiii into team bang4 (expected team: 6NotMausiiiA)
11.06.2025 - 09:15:37 - [TAB v5.2.1] Blocked attempt to add player nambunvll into team bang4 (expected team: 6nambunvllA)
11.06.2025 - 09:15:40 - [TAB v5.2.1] Blocked attempt to add player NotMausiii into team bang4 (expected team: 6NotMausiiiA)
11.06.2025 - 09:16:06 - [TAB v5.2.1] Blocked attempt to add player nambunvll into team bang4 (expected team: 6nambunvllA)
11.06.2025 - 09:16:06 - [TAB v5.2.1] Blocked attempt to add player nambunvll into team bang4 (expected team: 6nambunvllA)
11.06.2025 - 09:16:20 - [TAB v5.2.1] Blocked attempt to add player NotMausiii into team bang4 (expected team: 6NotMausiiiA)
11.06.2025 - 10:46:35 - [TAB v5.2.1] Blocked attempt to add player SAOEasyv into team JustaTeam3 (expected team: 7SAOEasyvA)
11.06.2025 - 12:02:36 - [TAB v5.2.1] Blocked attempt to add player BE_Lomono2234 into team bang4 (expected team: 6BE_Lomono2234A)
11.06.2025 - 12:06:45 - [TAB v5.2.1] Blocked attempt to add player Miraitowa_VN into team Andeptrai (expected team: 6Miraitowa_VNA)
11.06.2025 - 12:08:25 - [TAB v5.2.1] Blocked attempt to add player SAOEasyv into team JustaTeam3 (expected team: 7SAOEasyvA)
11.06.2025 - 12:08:57 - [TAB v5.2.1] Blocked attempt to add player BE_Lomono2234 into team bang4 (expected team: 6BE_Lomono2234A)
11.06.2025 - 12:17:51 - [TAB v5.2.1] Blocked attempt to add player Miraitowa_VN into team Andeptrai (expected team: 6Miraitowa_VNA)
11.06.2025 - 12:19:34 - [TAB v5.2.1] Blocked attempt to add player BE_Lomono2234 into team bang4 (expected team: 6BE_Lomono2234A)
11.06.2025 - 12:37:26 - [TAB v5.2.1] Blocked attempt to add player Miraitowa_VN into team Andeptrai (expected team: 6Miraitowa_VNA)
11.06.2025 - 12:43:44 - [TAB v5.2.1] Blocked attempt to add player NotMausiii into team bang4 (expected team: 6NotMausiiiA)
11.06.2025 - 12:49:20 - [TAB v5.2.1] Blocked attempt to add player damuocdat into team JustaTeam3 (expected team: 6damuocdatA)
11.06.2025 - 12:59:38 - [TAB v5.2.1] Blocked attempt to add player SAOEasyv into team JustaTeam3 (expected team: 7SAOEasyvA)
11.06.2025 - 13:26:41 - [TAB v5.2.1] Blocked attempt to add player Miraitowa_VN into team Andeptrai (expected team: 6Miraitowa_VNA)
11.06.2025 - 13:36:20 - [TAB v5.2.1] Blocked attempt to add player NotMausiii into team bang4 (expected team: 6NotMausiiiA)
11.06.2025 - 13:39:33 - [TAB v5.2.1] Blocked attempt to add player nambunvll into team bang4 (expected team: 6nambunvllA)
11.06.2025 - 13:44:02 - [TAB v5.2.1] Blocked attempt to add player BE_Lomono2234 into team bang4 (expected team: 6BE_Lomono2234A)
11.06.2025 - 13:45:10 - [TAB v5.2.1] Blocked attempt to add player nambunvll into team bang4 (expected team: 6nambunvllA)
11.06.2025 - 13:46:29 - [TAB v5.2.1] Blocked attempt to add player NotMausiii into team bang4 (expected team: 6NotMausiiiA)
11.06.2025 - 13:57:20 - [TAB v5.2.1] Blocked attempt to add player nambunvll into team bang4 (expected team: 6nambunvllA)
11.06.2025 - 13:58:11 - [TAB v5.2.1] Blocked attempt to add player BE_Lomono2234 into team bang4 (expected team: 6BE_Lomono2234A)
11.06.2025 - 13:59:23 - [TAB v5.2.1] Blocked attempt to add player NotMausiii into team bang4 (expected team: 6NotMausiiiA)
11.06.2025 - 13:59:46 - [TAB v5.2.1] Blocked attempt to add player nambunvll into team bang4 (expected team: 6nambunvllA)
11.06.2025 - 14:00:20 - [TAB v5.2.1] Blocked attempt to add player NotMausiii into team bang4 (expected team: 6NotMausiiiA)
11.06.2025 - 14:00:57 - [TAB v5.2.1] Blocked attempt to add player nambunvll into team bang4 (expected team: 6nambunvllA)
11.06.2025 - 14:38:01 - [TAB v5.2.1] Blocked attempt to add player SAOEasyv into team JustaTeam3 (expected team: 7SAOEasyvA)
11.06.2025 - 14:39:04 - [TAB v5.2.1] Blocked attempt to add player nambunvll into team bang4 (expected team: 6nambunvllA)
11.06.2025 - 14:39:08 - [TAB v5.2.1] Blocked attempt to add player SAOEasyv into team JustaTeam3 (expected team: 7SAOEasyvA)
11.06.2025 - 14:43:14 - [TAB v5.2.1] Blocked attempt to add player nambunvll into team bang4 (expected team: 6nambunvllA)
11.06.2025 - 15:08:39 - [TAB v5.2.1] Blocked attempt to add player SAOEasyv into team JustaTeam3 (expected team: 7SAOEasyvA)
11.06.2025 - 15:18:32 - [TAB v5.2.1] Blocked attempt to add player nambunvll into team bang4 (expected team: 6nambunvllA)
12.06.2025 - 01:01:55 - [TAB v5.2.1] Blocked attempt to add player BE_Lomono2234 into team bang4 (expected team: 6BE_Lomono2234A)
12.06.2025 - 01:04:57 - [TAB v5.2.1] Blocked attempt to add player NotMausiii into team bang4 (expected team: 6NotMausiiiA)
12.06.2025 - 01:08:45 - [TAB v5.2.1] Blocked attempt to add player damuocdat into team JustaTeam3 (expected team: 6damuocdatA)
12.06.2025 - 01:11:20 - [TAB v5.2.1] Blocked attempt to add player SAOEasyv into team JustaTeam3 (expected team: 7SAOEasyvA)
12.06.2025 - 02:25:38 - [TAB v5.2.1] Blocked attempt to add player NotMausiii into team bang4 (expected team: 6NotMausiiiA)
12.06.2025 - 02:31:19 - [TAB v5.2.1] Blocked attempt to add player BE_Lomono2234 into team bang4 (expected team: 6BE_Lomono2234A)
12.06.2025 - 02:36:18 - [TAB v5.2.1] Blocked attempt to add player NotMausiii into team bang4 (expected team: 6NotMausiiiA)
12.06.2025 - 04:34:01 - [TAB v5.2.1] Blocked attempt to add player damuocdat into team JustaTeam3 (expected team: 6damuocdatA)
12.06.2025 - 04:48:44 - [TAB v5.2.1] Blocked attempt to add player BE_Lomono2234 into team bang4 (expected team: 6BE_Lomono2234A)
12.06.2025 - 04:56:33 - [TAB v5.2.1] Blocked attempt to add player Miraitowa_VN into team Andeptrai (expected team: 6Miraitowa_VNA)
12.06.2025 - 05:45:30 - [TAB v5.2.1] Blocked attempt to add player damuocdat into team JustaTeam4 (expected team: 7damuocdatA)
12.06.2025 - 05:45:59 - [TAB v5.2.1] Blocked attempt to add player Miraitowa_VN into team Andeptrai1 (expected team: 7Miraitowa_VNA)
12.06.2025 - 05:46:04 - [TAB v5.2.1] Blocked attempt to add player nambunvll into team bang4 (expected team: 6nambunvllA)
12.06.2025 - 05:46:14 - [TAB v5.2.1] Blocked attempt to add player SAOEasyv into team JustaTeam4 (expected team: 7SAOEasyvA)
12.06.2025 - 05:52:08 - [TAB v5.2.1] Blocked attempt to add player nambunvll into team bang4 (expected team: 6nambunvllA)
12.06.2025 - 07:07:20 - [TAB v5.2.1] Blocked attempt to add player BE_Lomono2234 into team bang4 (expected team: 6BE_Lomono2234A)
12.06.2025 - 07:22:44 - [TAB v5.2.1] Blocked attempt to add player SAOEasyv into team JustaTeam4 (expected team: 7SAOEasyvA)
12.06.2025 - 07:25:07 - [TAB v5.2.1] Blocked attempt to add player BE_Lomono2234 into team bang5 (expected team: 6BE_Lomono2234A)
12.06.2025 - 07:42:11 - [TAB v5.2.1] Blocked attempt to add player SAOEasyv into team JustaTeam4 (expected team: 7SAOEasyvA)
12.06.2025 - 08:02:25 - [TAB v5.2.1] Blocked attempt to add player BE_Minhdzzzzzzzz into team chill1 (expected team: 6BE_MinhdzzzzzzA)
12.06.2025 - 08:47:28 - [TAB v5.2.1] Blocked attempt to add player damuocdat into team JustaTeam4 (expected team: 7damuocdatA)
12.06.2025 - 09:33:21 - [TAB v5.2.1] Blocked attempt to add player BE_Lomono2234 into team bang5 (expected team: 6BE_Lomono2234A)
12.06.2025 - 09:49:47 - [TAB v5.2.1] Blocked attempt to add player NotMausiii into team bang5 (expected team: 6NotMausiiiA)
12.06.2025 - 11:41:58 - [TAB v5.2.1] Blocked attempt to add player SAOEasyv into team JustaTeam4 (expected team: 7SAOEasyvA)
12.06.2025 - 12:26:41 - [TAB v5.2.1] Blocked attempt to add player damuocdat into team JustaTeam4 (expected team: 7damuocdatA)
12.06.2025 - 12:37:12 - [TAB v5.2.1] Blocked attempt to add player BE_Lomono2234 into team bang5 (expected team: 6BE_Lomono2234A)
12.06.2025 - 13:26:21 - [TAB v5.2.1] Blocked attempt to add player SAOEasyv into team JustaTeam4 (expected team: 7SAOEasyvA)
12.06.2025 - 14:02:27 - [TAB v5.2.1] Blocked attempt to add player nambunvll into team bang5 (expected team: 6nambunvllA)
12.06.2025 - 14:51:04 - [TAB v5.2.1] Blocked attempt to add player BE_Lomono2234 into team bang5 (expected team: 6BE_Lomono2234A)
12.06.2025 - 14:57:45 - [TAB v5.2.1] Blocked attempt to add player nambunvll into team bang5 (expected team: 6nambunvllA)
12.06.2025 - 15:29:40 - [TAB v5.2.1] Blocked attempt to add player NotMausiii into team bang5 (expected team: 6NotMausiiiA)
12.06.2025 - 15:33:46 - [TAB v5.2.1] Blocked attempt to add player SAOEasyv into team JustaTeam4 (expected team: 7SAOEasyvA)
12.06.2025 - 15:33:46 - [TAB v5.2.1] Blocked attempt to add player SAOEasyv into team JustaTeam4 (expected team: 7SAOEasyvA)
12.06.2025 - 15:33:46 - [TAB v5.2.1] Blocked attempt to add player damuocdat into team JustaTeam4 (expected team: 7damuocdatA)
13.06.2025 - 00:55:23 - [TAB v5.2.1] Blocked attempt to add player NotMausiii into team bang5 (expected team: 6NotMausiiiA)
13.06.2025 - 00:55:31 - [TAB v5.2.1] Blocked attempt to add player BE_Minhdzzzzzzzz into team chill1 (expected team: 6BE_MinhdzzzzzzA)
13.06.2025 - 00:55:34 - [TAB v5.2.1] Blocked attempt to add player SAOEasyv into team JustaTeam4 (expected team: 7SAOEasyvA)
13.06.2025 - 00:57:52 - [TAB v5.2.1] Blocked attempt to add player damuocdat into team JustaTeam4 (expected team: 7damuocdatA)
13.06.2025 - 00:57:55 - [TAB v5.2.1] Blocked attempt to add player BE_Lomono2234 into team bang5 (expected team: 6BE_Lomono2234A)
13.06.2025 - 01:15:48 - [TAB v5.2.1] Blocked attempt to add player NotMausiii into team bang5 (expected team: 6NotMausiiiA)
13.06.2025 - 01:22:28 - [TAB v5.2.1] Blocked attempt to add player BE_Lomono2234 into team bang5 (expected team: 6BE_Lomono2234A)
13.06.2025 - 01:22:48 - [TAB v5.2.1] Blocked attempt to add player NotMausiii into team bang5 (expected team: 6NotMausiiiA)
