(2025-06-10 09:04:23) Miraitowa_VN was flagged [Check: SpeedD (Liquid)] [Violations: 1/30] [TPS: 20.00] [Ping: 0ms (high stability)] [Client: Fabric] [Location: world -1287.96 62.69 -191.56]
(2025-06-10 09:04:34) Miraitowa_VN was flagged [Check: SpeedD (Liquid)] [Violations: 15/30] [TPS: 20.00] [Ping: 18ms (high stability)] [Client: Fabric] [Location: world -1353.82 62.29 -191.90]
(2025-06-10 09:04:35) Miraitowa_VN was flagged [Check: SpeedD (Liquid)] [Violations: 23/30] [TPS: 20.00] [Ping: 18ms (high stability)] [Client: Fabric] [Location: world -1378.39 62.35 -192.83]
(2025-06-10 09:04:36) Miraitowa_VN was flagged [Check: SpeedD (Liquid)] [Violations: 28/30] [TPS: 20.00] [Ping: 18ms (high stability)] [Client: Fabric] [Location: world -1398.61 61.58 -193.15]
(2025-06-10 09:04:36) Miraitowa_VN was punished [Check: SpeedD (Liquid)] [Violations: 30/30] [TPS: 20.00]  [Ping: 18ms (high stability)] [Client: Fabric] [Location: world -1398.61 61.58 -193.15]
(2025-06-10 09:04:36) Miraitowa_VN was flagged [Check: SpeedD (Liquid)] [Violations: 1/30] [TPS: 20.00] [Ping: 18ms (high stability)] [Client: Fabric] [Location: world -1398.61 61.58 -193.15]
(2025-06-10 09:10:53) damuocdat was flagged [Check: VelocityA (AntiKnockback)] [Violations: 1/12] [TPS: 20.00] [Ping: 116ms (high stability)] [Client: Vanilla] [Location: world_the_end -12.56 67.00 20.66]
(2025-06-10 09:11:11) damuocdat was flagged [Check: VelocityA (AntiKnockback)] [Violations: 2/12] [TPS: 20.00] [Ping: 108ms (high stability)] [Client: Vanilla] [Location: world_the_end 23.22 66.00 34.08]
(2025-06-10 09:15:47) SAOEasyv was flagged [Check: KillAuraD (Impossible)] [Violations: 1/5] [TPS: 20.00] [Ping: 212ms (high stability)] [Client: Vanilla] [Location: world 1817.05 150.00 -618.24]
(2025-06-10 09:15:48) SAOEasyv was flagged [Check: KillAuraD (Impossible)] [Violations: 4/5] [TPS: 20.00] [Ping: 221ms (high stability)] [Client: Vanilla] [Location: world 1817.05 150.00 -618.24]
(2025-06-10 09:15:51) SAOEasyv was flagged [Check: KillAuraD (Impossible)] [Violations: 5/5] [TPS: 20.00] [Ping: 221ms (high stability)] [Client: Vanilla] [Location: world 1817.05 150.00 -618.24]
(2025-06-10 09:15:51) SAOEasyv was punished [Check: KillAuraD (Impossible)] [Violations: 5/5] [TPS: 20.00]  [Ping: 221ms (high stability)] [Client: Vanilla] [Location: world 1817.05 150.00 -618.24]
(2025-06-10 09:16:01) SAOEasyv was flagged [Check: KillAuraD (Impossible)] [Violations: 1/5] [TPS: 20.00] [Ping: 221ms (high stability)] [Client: Vanilla] [Location: world 1817.05 150.00 -618.24]
(2025-06-10 09:16:04) SAOEasyv was flagged [Check: KillAuraD (Impossible)] [Violations: 3/5] [TPS: 20.00] [Ping: 221ms (high stability)] [Client: Vanilla] [Location: world 1817.05 150.00 -618.24]
(2025-06-10 09:16:06) SAOEasyv was flagged [Check: KillAuraD (Impossible)] [Violations: 4/5] [TPS: 20.00] [Ping: 221ms (high stability)] [Client: Vanilla] [Location: world 1817.05 150.00 -618.24]
(2025-06-10 09:16:07) SAOEasyv was punished [Check: KillAuraD (Impossible)] [Violations: 5/5] [TPS: 20.00]  [Ping: 221ms (high stability)] [Client: Vanilla] [Location: world 1817.05 150.00 -618.24]
(2025-06-10 09:16:37) Miraitowa_VN was flagged [Check: VelocityA (AntiKnockback)] [Violations: 1/12] [TPS: 20.00] [Ping: 66ms (high stability)] [Client: Fabric] [Location: world_the_end 4.94 67.00 -0.91]
(2025-06-10 09:17:09) SAOEasyv was flagged [Check: KillAuraD (Impossible)] [Violations: 1/5] [TPS: 20.00] [Ping: 221ms (high stability)] [Client: Vanilla] [Location: world 1817.07 150.00 -618.24]
(2025-06-10 09:17:10) SAOEasyv was flagged [Check: KillAuraD (Impossible)] [Violations: 3/5] [TPS: 20.00] [Ping: 221ms (high stability)] [Client: Vanilla] [Location: world 1817.07 150.00 -618.24]
(2025-06-10 09:17:12) SAOEasyv was flagged [Check: KillAuraD (Impossible)] [Violations: 4/5] [TPS: 20.00] [Ping: 221ms (high stability)] [Client: Vanilla] [Location: world 1817.07 150.00 -618.24]
(2025-06-10 09:17:13) SAOEasyv was punished [Check: KillAuraD (Impossible)] [Violations: 5/5] [TPS: 20.00]  [Ping: 221ms (high stability)] [Client: Vanilla] [Location: world 1817.07 150.00 -618.24]
(2025-06-10 09:17:13) SAOEasyv was flagged [Check: KillAuraD (Impossible)] [Violations: 5/5] [TPS: 20.00] [Ping: 221ms (high stability)] [Client: Vanilla] [Location: world 1817.07 150.00 -618.24]
(2025-06-10 09:26:22) SAOEasyv was flagged [Check: VelocityA (AntiKnockback)] [Violations: 1/12] [TPS: 20.00] [Ping: 221ms (high stability)] [Client: Vanilla] [Location: world_the_end 52.01 59.00 75.02]
(2025-06-10 09:29:53) SAOEasyv was flagged [Check: FlightC (Vector)] [Violations: 1/40] [TPS: 20.00] [Ping: 234ms (high stability)] [Client: Vanilla] [Location: world_the_end 49.25 62.17 58.36]
(2025-06-10 09:30:21) SAOEasyv was flagged [Check: VelocityA (AntiKnockback)] [Violations: 1/12] [TPS: 20.00] [Ping: 260ms (high stability)] [Client: Vanilla] [Location: world_the_end 3.33 68.00 9.47]
(2025-06-10 09:30:22) Miraitowa_VN was flagged [Check: CriticalsA (Packet)] [Violations: 1/1] [TPS: 20.00] [Ping: 108ms (high stability)] [Client: Fabric] [Location: world_the_end 1.64 67.12 9.70]
(2025-06-10 09:30:22) Miraitowa_VN was punished [Check: CriticalsA (Packet)] [Violations: 1/1] [TPS: 20.00]  [Ping: 108ms (high stability)] [Client: Fabric] [Location: world_the_end 1.64 67.12 9.70]
(2025-06-10 09:30:22) Miraitowa_VN was flagged [Check: CriticalsA (Packet)] [Violations: 1/1] [TPS: 20.00] [Ping: 108ms (high stability)] [Client: Fabric] [Location: world_the_end 1.64 67.12 9.70]
(2025-06-10 09:30:22) Miraitowa_VN was punished [Check: CriticalsA (Packet)] [Violations: 1/1] [TPS: 20.00]  [Ping: 108ms (high stability)] [Client: Fabric] [Location: world_the_end 1.64 67.12 9.70]
(2025-06-10 09:30:32) Miraitowa_VN was flagged [Check: CriticalsA (Packet)] [Violations: 1/1] [TPS: 20.00] [Ping: 108ms (high stability)] [Client: Fabric] [Location: world_the_end 1.64 67.12 9.70]
(2025-06-10 09:30:32) Miraitowa_VN was punished [Check: CriticalsA (Packet)] [Violations: 1/1] [TPS: 20.00]  [Ping: 108ms (high stability)] [Client: Fabric] [Location: world_the_end 1.64 67.12 9.70]
(2025-06-10 09:31:09) damuocdat was flagged [Check: ScaffoldA (Rotation)] [Violations: 1/10] [TPS: 20.00] [Ping: 145ms (high stability)] [Client: Vanilla] [Location: world_the_end 715.70 57.00 955.47]
(2025-06-10 09:31:14) damuocdat was flagged [Check: ScaffoldA (Rotation)] [Violations: 3/10] [TPS: 20.00] [Ping: 145ms (high stability)] [Client: Vanilla] [Location: world_the_end 715.70 57.00 963.47]
(2025-06-10 09:32:16) damuocdat was flagged [Check: ScaffoldA (Rotation)] [Violations: 5/10] [TPS: 20.00] [Ping: 138ms (high stability)] [Client: Vanilla] [Location: world_the_end 886.42 57.00 1039.77]
(2025-06-10 09:33:38) damuocdat was flagged [Check: ScaffoldA (Rotation)] [Violations: 1/10] [TPS: 20.00] [Ping: 128ms (high stability)] [Client: Vanilla] [Location: world_the_end 1062.29 57.00 914.52]
(2025-06-10 09:33:48) damuocdat was flagged [Check: ScaffoldA (Rotation)] [Violations: 3/10] [TPS: 20.00] [Ping: 121ms (high stability)] [Client: Vanilla] [Location: world_the_end 1062.29 57.00 900.55]
(2025-06-10 09:35:43) Miraitowa_VN was flagged [Check: ScaffoldB (Sprint)] [Violations: 1/10] [TPS: 20.00] [Ping: 108ms (high stability)] [Client: Fabric] [Location: world_the_end 704.10 57.00 709.50]
(2025-06-10 09:35:45) Miraitowa_VN was flagged [Check: ScaffoldA (Rotation)] [Violations: 7/10] [TPS: 20.00] [Ping: 108ms (high stability)] [Client: Fabric] [Location: world_the_end 704.34 57.00 703.20]
(2025-06-10 09:35:45) Miraitowa_VN was punished [Check: ScaffoldA (Rotation)] [Violations: 10/10] [TPS: 20.00]  [Ping: 108ms (high stability)] [Client: Fabric] [Location: world_the_end 704.30 57.00 700.67]
(2025-06-10 09:35:45) Miraitowa_VN was flagged [Check: ScaffoldB (Sprint)] [Violations: 1/10] [TPS: 20.00] [Ping: 108ms (high stability)] [Client: Fabric] [Location: world_the_end 704.30 57.00 700.67]
(2025-06-10 09:36:08) Miraitowa_VN was flagged [Check: ScaffoldA (Rotation)] [Violations: 1/10] [TPS: 20.00] [Ping: 108ms (high stability)] [Client: Fabric] [Location: world_the_end 704.45 57.00 697.17]
(2025-06-10 09:36:09) Miraitowa_VN was flagged [Check: ScaffoldA (Rotation)] [Violations: 8/10] [TPS: 20.00] [Ping: 108ms (high stability)] [Client: Fabric] [Location: world_the_end 704.45 57.00 691.28]
(2025-06-10 09:36:09) Miraitowa_VN was flagged [Check: ScaffoldB (Sprint)] [Violations: 1/10] [TPS: 20.00] [Ping: 108ms (high stability)] [Client: Fabric] [Location: world_the_end 704.45 57.00 689.31]
(2025-06-10 09:36:09) Miraitowa_VN was punished [Check: ScaffoldA (Rotation)] [Violations: 10/10] [TPS: 20.00]  [Ping: 108ms (high stability)] [Client: Fabric] [Location: world_the_end 704.45 57.00 689.31]
(2025-06-10 09:36:12) Miraitowa_VN was flagged [Check: ScaffoldB (Sprint)] [Violations: 2/10] [TPS: 20.00] [Ping: 0ms (high stability)] [Client: Fabric] [Location: world_the_end 704.45 57.00 688.29]
(2025-06-10 09:36:13) Miraitowa_VN was flagged [Check: ScaffoldA (Rotation)] [Violations: 6/10] [TPS: 20.00] [Ping: 0ms (high stability)] [Client: Fabric] [Location: world_the_end 704.46 57.00 682.42]
(2025-06-10 09:36:14) Miraitowa_VN was punished [Check: ScaffoldB (Sprint)] [Violations: 10/10] [TPS: 20.00]  [Ping: 108ms (high stability)] [Client: Fabric] [Location: world_the_end 704.46 57.00 679.33]
(2025-06-10 09:36:20) Miraitowa_VN was flagged [Check: ScaffoldA (Rotation)] [Violations: 1/10] [TPS: 20.00] [Ping: 108ms (high stability)] [Client: Fabric] [Location: world_the_end 704.46 57.00 679.33]
(2025-06-10 09:36:21) Miraitowa_VN was punished [Check: FastPlaceA (FastPlaceA)] [Violations: 3/3] [TPS: 20.00]  [Ping: 108ms (high stability)] [Client: Fabric] [Location: world_the_end 704.46 57.00 679.33]
(2025-06-10 09:36:45) Miraitowa_VN was flagged [Check: ScaffoldA (Rotation)] [Violations: 1/10] [TPS: 20.00] [Ping: 0ms (high stability)] [Client: Fabric] [Location: world_the_end 704.38 56.00 674.31]
(2025-06-10 09:40:44) SAOEasyv was flagged [Check: FastClimbA (ClimbingSpeed)] [Violations: 1/25] [TPS: 20.00] [Ping: 138ms (high stability)] [Client: Vanilla] [Location: world_the_end 1015.68 118.17 636.51]
(2025-06-10 09:47:28) damuocdat was flagged [Check: FastClimbA (ClimbingSpeed)] [Violations: 1/25] [TPS: 20.00] [Ping: 128ms (high stability)] [Client: Vanilla] [Location: world_the_end 1013.79 125.51 737.49]
(2025-06-10 09:59:22) SAOEasyv was flagged [Check: KillAuraB (HitBox)] [Violations: 1/8] [TPS: 20.00] [Ping: 238ms (high stability)] [Client: Vanilla] [Location: world_the_end 1000.19 179.41 704.70]
(2025-06-10 10:04:41) damuocdat was flagged [Check: ItemSwapA (WhileWalking)] [Violations: 1/4] [TPS: 20.00] [Ping: 149ms (high stability)] [Client: Vanilla] [Location: world_the_end 1010.78 75.00 713.63]
(2025-06-10 10:04:44) damuocdat was punished [Check: ItemSwapA (WhileWalking)] [Violations: 4/4] [TPS: 20.00]  [Ping: 149ms (high stability)] [Client: Vanilla] [Location: world_the_end 1010.78 75.00 713.63]
(2025-06-10 10:04:44) damuocdat was flagged [Check: ItemSwapA (WhileWalking)] [Violations: 4/4] [TPS: 20.00] [Ping: 149ms (high stability)] [Client: Vanilla] [Location: world_the_end 1010.78 75.00 713.63]
(2025-06-10 10:12:30) damuocdat was flagged [Check: ScaffoldA (Rotation)] [Violations: 1/10] [TPS: 20.00] [Ping: 149ms (high stability)] [Client: Vanilla] [Location: world_the_end 945.65 58.00 643.72]
(2025-06-10 10:14:14) damuocdat was flagged [Check: ScaffoldA (Rotation)] [Violations: 3/10] [TPS: 20.00] [Ping: 111ms (high stability)] [Client: Vanilla] [Location: world_the_end 961.30 57.00 432.56]
(2025-06-10 10:14:25) damuocdat was flagged [Check: ScaffoldA (Rotation)] [Violations: 5/10] [TPS: 20.00] [Ping: 111ms (high stability)] [Client: Vanilla] [Location: world_the_end 961.30 57.00 416.56]
(2025-06-10 10:25:11) SAOEasyv was flagged [Check: KillAuraD (Impossible)] [Violations: 1/5] [TPS: 20.00] [Ping: 269ms (high stability)] [Client: Vanilla] [Location: world 1817.05 149.88 -618.42]
(2025-06-10 10:25:13) SAOEasyv was flagged [Check: KillAuraD (Impossible)] [Violations: 4/5] [TPS: 20.00] [Ping: 269ms (high stability)] [Client: Vanilla] [Location: world 1817.04 149.88 -618.36]
(2025-06-10 10:25:13) BE_Minhdzzzzzzzz was flagged [Check: FlightC (Vector)] [Violations: 1/40] [TPS: 20.00] [Ping: 0ms (high stability)] [Client: Geyser] [Location: world 5322.32 200.80 4437.53]
(2025-06-10 10:25:14) SAOEasyv was punished [Check: KillAuraD (Impossible)] [Violations: 5/5] [TPS: 20.00]  [Ping: 269ms (high stability)] [Client: Vanilla] [Location: world 1817.04 149.88 -618.36]
(2025-06-10 10:27:27) SAOEasyv was flagged [Check: SpeedC (Prediction)] [Violations: 1/40] [TPS: 20.00] [Ping: 263ms (high stability)] [Client: Vanilla] [Location: world_the_end 1194.34 63.75 136.81]
(2025-06-10 10:29:28) SAOEasyv was flagged [Check: VelocityA (AntiKnockback)] [Violations: 1/12] [TPS: 20.00] [Ping: 269ms (high stability)] [Client: Vanilla] [Location: world_the_end 1286.15 60.00 19.27]
(2025-06-10 10:33:05) SAOEasyv was flagged [Check: CriticalsA (Packet)] [Violations: 1/1] [TPS: 20.00] [Ping: 269ms (high stability)] [Client: Vanilla] [Location: world_the_end 1339.49 58.12 -1.21]
(2025-06-10 10:33:05) SAOEasyv was punished [Check: CriticalsA (Packet)] [Violations: 1/1] [TPS: 20.00]  [Ping: 269ms (high stability)] [Client: Vanilla] [Location: world_the_end 1339.49 58.12 -1.21]
(2025-06-10 10:33:05) SAOEasyv was flagged [Check: CriticalsA (Packet)] [Violations: 1/1] [TPS: 20.00] [Ping: 269ms (high stability)] [Client: Vanilla] [Location: world_the_end 1339.49 58.12 -1.21]
(2025-06-10 10:33:05) SAOEasyv was punished [Check: CriticalsA (Packet)] [Violations: 1/1] [TPS: 20.00]  [Ping: 269ms (high stability)] [Client: Vanilla] [Location: world_the_end 1339.49 58.12 -1.21]
(2025-06-10 10:33:58) damuocdat was flagged [Check: ScaffoldA (Rotation)] [Violations: 1/10] [TPS: 20.00] [Ping: 149ms (high stability)] [Client: Vanilla] [Location: world_the_end 1792.44 49.00 -270.70]
(2025-06-10 10:34:03) damuocdat was flagged [Check: ScaffoldA (Rotation)] [Violations: 3/10] [TPS: 20.00] [Ping: 149ms (high stability)] [Client: Vanilla] [Location: world_the_end 1797.44 49.00 -270.70]
(2025-06-10 10:34:11) damuocdat was flagged [Check: ScaffoldA (Rotation)] [Violations: 5/10] [TPS: 20.00] [Ping: 122ms (high stability)] [Client: Vanilla] [Location: world_the_end 1807.44 49.00 -270.70]
(2025-06-10 10:34:16) SAOEasyv was flagged [Check: VelocityA (AntiKnockback)] [Violations: 1/12] [TPS: 20.00] [Ping: 269ms (high stability)] [Client: Vanilla] [Location: world_the_end 1335.92 63.00 -28.05]
(2025-06-10 10:35:47) SAOEasyv was flagged [Check: KillAuraB (HitBox)] [Violations: 1/8] [TPS: 20.00] [Ping: 269ms (high stability)] [Client: Vanilla] [Location: world_the_end 1338.83 62.00 -25.70]
(2025-06-10 10:36:19) SAOEasyv was flagged [Check: KillAuraB (HitBox)] [Violations: 1/8] [TPS: 20.00] [Ping: 269ms (high stability)] [Client: Vanilla] [Location: world_the_end 1339.26 62.00 -25.28]
(2025-06-10 10:36:24) SAOEasyv was flagged [Check: KillAuraD (Impossible)] [Violations: 1/5] [TPS: 20.00] [Ping: 269ms (high stability)] [Client: Vanilla] [Location: world_the_end 1339.26 62.00 -25.28]
(2025-06-10 10:36:28) SAOEasyv was flagged [Check: KillAuraD (Impossible)] [Violations: 3/5] [TPS: 20.00] [Ping: 269ms (high stability)] [Client: Vanilla] [Location: world_the_end 1339.26 62.00 -25.28]
(2025-06-10 10:36:39) SAOEasyv was flagged [Check: KillAuraB (HitBox)] [Violations: 4/8] [TPS: 20.00] [Ping: 269ms (high stability)] [Client: Vanilla] [Location: world_the_end 1339.26 62.00 -25.28]
(2025-06-10 10:38:02) SAOEasyv was flagged [Check: KillAuraD (Impossible)] [Violations: 4/5] [TPS: 20.00] [Ping: 269ms (high stability)] [Client: Vanilla] [Location: world_the_end 1339.26 62.00 -25.28]
(2025-06-10 10:38:02) SAOEasyv was punished [Check: KillAuraD (Impossible)] [Violations: 5/5] [TPS: 20.00]  [Ping: 269ms (high stability)] [Client: Vanilla] [Location: world_the_end 1339.26 62.00 -25.28]
(2025-06-10 10:38:57) SAOEasyv was flagged [Check: KillAuraB (HitBox)] [Violations: 1/8] [TPS: 20.00] [Ping: 269ms (high stability)] [Client: Vanilla] [Location: world_the_end 1339.19 62.00 -25.70]
(2025-06-10 10:38:59) SAOEasyv was flagged [Check: KillAuraB (HitBox)] [Violations: 3/8] [TPS: 20.00] [Ping: 269ms (high stability)] [Client: Vanilla] [Location: world_the_end 1339.19 62.00 -25.70]
(2025-06-10 10:39:06) SAOEasyv was flagged [Check: KillAuraB (HitBox)] [Violations: 4/8] [TPS: 20.00] [Ping: 269ms (high stability)] [Client: Vanilla] [Location: world_the_end 1339.19 62.00 -25.70]
(2025-06-10 10:39:20) damuocdat was flagged [Check: ScaffoldA (Rotation)] [Violations: 1/10] [TPS: 20.00] [Ping: 134ms (high stability)] [Client: Vanilla] [Location: world_the_end 2254.29 57.00 -506.35]
(2025-06-10 10:39:48) BE_DuyTapChoi_46 was flagged [Check: FlightC (Vector)] [Violations: 1/40] [TPS: 20.00] [Ping: 0ms (high stability)] [Client: Geyser] [Location: world_the_end 1338.87 60.25 681.99]
(2025-06-10 10:40:42) SAOEasyv was flagged [Check: KillAuraB (HitBox)] [Violations: 5/8] [TPS: 20.00] [Ping: 269ms (high stability)] [Client: Vanilla] [Location: world_the_end 1339.06 62.00 -25.59]
(2025-06-10 10:41:30) SAOEasyv was flagged [Check: KillAuraB (HitBox)] [Violations: 7/8] [TPS: 20.00] [Ping: 269ms (high stability)] [Client: Vanilla] [Location: world_the_end 1339.61 62.00 -25.32]
(2025-06-10 10:41:30) SAOEasyv was punished [Check: KillAuraB (HitBox)] [Violations: 8/8] [TPS: 20.00]  [Ping: 269ms (high stability)] [Client: Vanilla] [Location: world_the_end 1339.61 62.00 -25.32]
(2025-06-10 10:42:03) SAOEasyv was flagged [Check: KillAuraB (HitBox)] [Violations: 1/8] [TPS: 20.00] [Ping: 269ms (high stability)] [Client: Vanilla] [Location: world_the_end 1339.08 62.00 -25.36]
(2025-06-10 10:42:07) SAOEasyv was flagged [Check: KillAuraB (HitBox)] [Violations: 3/8] [TPS: 20.00] [Ping: 269ms (high stability)] [Client: Vanilla] [Location: world_the_end 1339.02 62.00 -25.47]
(2025-06-10 10:42:14) SAOEasyv was flagged [Check: KillAuraB (HitBox)] [Violations: 4/8] [TPS: 20.00] [Ping: 269ms (high stability)] [Client: Vanilla] [Location: world_the_end 1339.16 62.00 -25.59]
(2025-06-10 10:42:15) SAOEasyv was flagged [Check: KillAuraD (Impossible)] [Violations: 1/5] [TPS: 20.00] [Ping: 269ms (high stability)] [Client: Vanilla] [Location: world_the_end 1339.16 62.00 -25.59]
(2025-06-10 10:42:24) SAOEasyv was flagged [Check: KillAuraB (HitBox)] [Violations: 6/8] [TPS: 20.00] [Ping: 269ms (high stability)] [Client: Vanilla] [Location: world_the_end 1339.16 62.00 -25.59]
(2025-06-10 10:43:13) SAOEasyv was flagged [Check: KillAuraB (HitBox)] [Violations: 7/8] [TPS: 20.00] [Ping: 269ms (high stability)] [Client: Vanilla] [Location: world_the_end 1339.48 62.00 -25.79]
(2025-06-10 10:43:13) SAOEasyv was punished [Check: KillAuraB (HitBox)] [Violations: 8/8] [TPS: 20.00]  [Ping: 269ms (high stability)] [Client: Vanilla] [Location: world_the_end 1339.48 62.00 -25.79]
(2025-06-10 10:54:25) SAOEasyv was flagged [Check: KillAuraB (HitBox)] [Violations: 1/8] [TPS: 20.00] [Ping: 279ms (high stability)] [Client: Vanilla] [Location: world_the_end 1339.09 62.00 -25.70]
(2025-06-10 10:56:45) SAOEasyv was flagged [Check: KillAuraB (HitBox)] [Violations: 3/8] [TPS: 20.00] [Ping: 269ms (high stability)] [Client: Vanilla] [Location: world_the_end 1339.07 62.00 -25.70]
(2025-06-10 10:56:49) SAOEasyv was flagged [Check: KillAuraB (HitBox)] [Violations: 6/8] [TPS: 20.00] [Ping: 269ms (high stability)] [Client: Vanilla] [Location: world_the_end 1339.07 62.00 -25.70]
(2025-06-10 10:56:56) SAOEasyv was flagged [Check: KillAuraB (HitBox)] [Violations: 1/8] [TPS: 20.00] [Ping: 333ms (high stability)] [Client: Vanilla] [Location: world_the_end 1339.07 62.00 -25.70]
(2025-06-10 10:57:54) BE_DuyTapChoi_46 was flagged [Check: ScaffoldA (Rotation)] [Violations: 1/10] [TPS: 20.00] [Ping: 0ms (high stability)] [Client: Geyser] [Location: world_the_end 1238.36 57.00 1435.62]
(2025-06-10 10:57:55) BE_DuyTapChoi_46 was flagged [Check: ScaffoldA (Rotation)] [Violations: 4/10] [TPS: 20.00] [Ping: 0ms (high stability)] [Client: Geyser] [Location: world_the_end 1238.34 57.00 1437.62]
(2025-06-10 10:57:57) BE_DuyTapChoi_46 was flagged [Check: ScaffoldA (Rotation)] [Violations: 6/10] [TPS: 20.00] [Ping: 0ms (high stability)] [Client: Geyser] [Location: world_the_end 1238.29 57.00 1439.63]
(2025-06-10 10:58:49) SAOEasyv was flagged [Check: KillAuraB (HitBox)] [Violations: 2/8] [TPS: 20.00] [Ping: 269ms (high stability)] [Client: Vanilla] [Location: world_the_end 1338.34 62.00 -25.30]
(2025-06-10 10:59:01) SAOEasyv was flagged [Check: KillAuraB (HitBox)] [Violations: 4/8] [TPS: 20.00] [Ping: 269ms (high stability)] [Client: Vanilla] [Location: world_the_end 1338.70 61.00 -25.30]
(2025-06-10 10:59:17) SAOEasyv was flagged [Check: KillAuraB (HitBox)] [Violations: 5/8] [TPS: 20.00] [Ping: 269ms (high stability)] [Client: Vanilla] [Location: world_the_end 1338.70 61.00 -25.30]
(2025-06-10 10:59:51) BE_DuyTapChoi_46 was flagged [Check: FlightC (Vector)] [Violations: 1/40] [TPS: 20.00] [Ping: 0ms (high stability)] [Client: Geyser] [Location: world_the_end 1250.38 56.00 1747.43]
(2025-06-10 11:01:50) BE_DuyTapChoi_46 was flagged [Check: FlightC (Vector)] [Violations: 1/40] [TPS: 20.00] [Ping: 0ms (high stability)] [Client: Geyser] [Location: world_the_end 1331.57 63.17 2034.78]
(2025-06-10 11:02:49) SAOEasyv was flagged [Check: KillAuraB (HitBox)] [Violations: 1/8] [TPS: 20.00] [Ping: 269ms (high stability)] [Client: Vanilla] [Location: world_the_end 1338.30 61.00 -25.70]
(2025-06-10 11:02:56) SAOEasyv was flagged [Check: KillAuraB (HitBox)] [Violations: 1/8] [TPS: 20.00] [Ping: 269ms (high stability)] [Client: Vanilla] [Location: world_the_end 1338.30 61.00 -25.70]
(2025-06-10 11:04:36) SAOEasyv was flagged [Check: KillAuraB (HitBox)] [Violations: 2/8] [TPS: 20.00] [Ping: 269ms (high stability)] [Client: Vanilla] [Location: world_the_end 1338.37 61.00 -25.70]
(2025-06-10 11:05:39) SAOEasyv was flagged [Check: KillAuraB (HitBox)] [Violations: 4/8] [TPS: 20.00] [Ping: 247ms (high stability)] [Client: Vanilla] [Location: world_the_end 1338.84 62.00 -25.16]
(2025-06-10 11:07:55) SAOEasyv was flagged [Check: KillAuraB (HitBox)] [Violations: 1/8] [TPS: 20.00] [Ping: 269ms (high stability)] [Client: Vanilla] [Location: world_the_end 1338.70 61.00 -25.70]
(2025-06-10 11:08:04) SAOEasyv was flagged [Check: KillAuraB (HitBox)] [Violations: 3/8] [TPS: 20.00] [Ping: 261ms (high stability)] [Client: Vanilla] [Location: world_the_end 1338.30 61.00 -25.30]
(2025-06-10 11:08:14) SAOEasyv was flagged [Check: KillAuraB (HitBox)] [Violations: 4/8] [TPS: 20.00] [Ping: 263ms (high stability)] [Client: Vanilla] [Location: world_the_end 1338.65 61.00 -25.30]
(2025-06-10 11:09:00) SAOEasyv was flagged [Check: KillAuraB (HitBox)] [Violations: 1/8] [TPS: 20.00] [Ping: 269ms (high stability)] [Client: Vanilla] [Location: world_the_end 1338.56 61.00 -25.70]
(2025-06-10 11:09:05) SAOEasyv was flagged [Check: KillAuraB (HitBox)] [Violations: 3/8] [TPS: 20.00] [Ping: 310ms (high stability)] [Client: Vanilla] [Location: world_the_end 1338.56 61.00 -25.70]
(2025-06-10 11:09:07) SAOEasyv was flagged [Check: KillAuraB (HitBox)] [Violations: 4/8] [TPS: 20.00] [Ping: 269ms (high stability)] [Client: Vanilla] [Location: world_the_end 1338.56 61.00 -25.70]
(2025-06-10 11:16:39) SAOEasyv was flagged [Check: KillAuraD (Impossible)] [Violations: 1/5] [TPS: 20.00] [Ping: 269ms (high stability)] [Client: Vanilla] [Location: world 1818.30 150.00 -616.11]
(2025-06-10 11:16:41) SAOEasyv was flagged [Check: KillAuraD (Impossible)] [Violations: 3/5] [TPS: 20.00] [Ping: 269ms (high stability)] [Client: Vanilla] [Location: world 1818.30 150.00 -616.11]
(2025-06-10 11:56:21) SAOEasyv was flagged [Check: ItemSwapA (WhileWalking)] [Violations: 1/4] [TPS: 20.00] [Ping: 269ms (high stability)] [Client: Vanilla] [Location: world 1824.74 150.00 -625.32]
(2025-06-10 11:58:48) NotMausiii was flagged [Check: ItemSwapA (WhileWalking)] [Violations: 1/4] [TPS: 20.00] [Ping: 90ms (high stability)] [Client: Badlion] [Location: world 6947.39 67.00 1799.68]
(2025-06-10 12:12:10) SAOEasyv was flagged [Check: KillAuraD (Impossible)] [Violations: 1/5] [TPS: 20.00] [Ping: 269ms (high stability)] [Client: Vanilla] [Location: world 1818.30 150.00 -615.31]
(2025-06-10 12:13:17) BE_Minhdzzzzzzzz was flagged [Check: StepA (Step)] [Violations: 1/3] [TPS: 20.00] [Ping: 1ms (high stability)] [Client: Geyser] [Location: world_nether 676.70 63.00 602.08]
(2025-06-10 12:15:20) BE_Minhdzzzzzzzz was flagged [Check: FlightC (Vector)] [Violations: 1/40] [TPS: 20.00] [Ping: 0ms (high stability)] [Client: Geyser] [Location: world_nether 643.82 61.00 556.98]
(2025-06-10 12:29:48) BE_Minhdzzzzzzzz was flagged [Check: FlightC (Vector)] [Violations: 1/40] [TPS: 20.00] [Ping: 0ms (high stability)] [Client: Geyser] [Location: world 5780.39 67.00 4369.30]
(2025-06-10 12:33:01) BE_Minhdzzzzzzzz was flagged [Check: FlightA (Acceleration)] [Violations: 1/40] [TPS: 20.00] [Ping: 0ms (high stability)] [Client: Geyser] [Location: world 5850.18 96.25 4310.07]
(2025-06-10 12:38:17) SAOEasyv was flagged [Check: ElytraB (Acceleration)] [Violations: 1/40] [TPS: 20.00] [Ping: 269ms (high stability)] [Client: Vanilla] [Location: world 1789.62 223.87 -597.71]
(2025-06-10 12:38:45) SAOEasyv was flagged [Check: ElytraB (Acceleration)] [Violations: 4/40] [TPS: 20.00] [Ping: 269ms (high stability)] [Client: Vanilla] [Location: world 1849.84 214.63 -611.88]
(2025-06-10 12:42:46) BE_Minhdzzzzzzzz was flagged [Check: BoatA (Boat)] [Violations: 1/35] [TPS: 20.00] [Ping: 0ms (high stability)] [Client: Geyser] [Location: world_nether 684.47 95.45 551.81]
(2025-06-10 12:43:09) nambunvll was flagged [Check: SpeedC (Prediction)] [Violations: 1/40] [TPS: 20.00] [Ping: 198ms (high stability)] [Client: Fabric] [Location: world 6797.93 74.50 1634.00]
(2025-06-10 12:43:11) nambunvll was flagged [Check: SpeedC (Prediction)] [Violations: 3/40] [TPS: 20.00] [Ping: 198ms (high stability)] [Client: Fabric] [Location: world 6803.54 74.75 1633.94]
(2025-06-10 12:47:20) nambunvll was flagged [Check: KillAuraD (Impossible)] [Violations: 1/5] [TPS: 20.00] [Ping: 262ms (high stability)] [Client: Fabric] [Location: world 6546.24 63.00 1273.30]
(2025-06-10 12:48:38) nambunvll was flagged [Check: KillAuraD (Impossible)] [Violations: 1/5] [TPS: 20.00] [Ping: 253ms (high stability)] [Client: Fabric] [Location: world 6546.27 63.00 1273.22]
(2025-06-10 12:49:58) nambunvll was flagged [Check: KillAuraD (Impossible)] [Violations: 3/5] [TPS: 20.00] [Ping: 259ms (high stability)] [Client: Fabric] [Location: world 6546.27 63.00 1273.22]
(2025-06-10 12:51:06) SAOEasyv was flagged [Check: KillAuraD (Impossible)] [Violations: 1/5] [TPS: 20.00] [Ping: 269ms (high stability)] [Client: Vanilla] [Location: world 1818.30 150.00 -616.70]
(2025-06-10 12:51:08) SAOEasyv was flagged [Check: KillAuraD (Impossible)] [Violations: 3/5] [TPS: 20.00] [Ping: 269ms (high stability)] [Client: Vanilla] [Location: world 1818.30 150.00 -616.70]
(2025-06-10 12:51:55) SAOEasyv was flagged [Check: KillAuraD (Impossible)] [Violations: 4/5] [TPS: 20.00] [Ping: 269ms (high stability)] [Client: Vanilla] [Location: world 1818.30 150.00 -616.70]
(2025-06-10 12:51:55) SAOEasyv was punished [Check: KillAuraD (Impossible)] [Violations: 5/5] [TPS: 20.00]  [Ping: 251ms (high stability)] [Client: Vanilla] [Location: world 1818.30 150.00 -616.70]
(2025-06-10 12:58:03) SAOEasyv was flagged [Check: KillAuraD (Impossible)] [Violations: 1/5] [TPS: 20.00] [Ping: 269ms (high stability)] [Client: Vanilla] [Location: world 1818.30 150.00 -616.70]
(2025-06-10 12:58:05) SAOEasyv was flagged [Check: KillAuraD (Impossible)] [Violations: 3/5] [TPS: 20.00] [Ping: 269ms (high stability)] [Client: Vanilla] [Location: world 1818.30 150.00 -616.70]
(2025-06-10 12:58:07) SAOEasyv was flagged [Check: KillAuraD (Impossible)] [Violations: 4/5] [TPS: 20.00] [Ping: 269ms (high stability)] [Client: Vanilla] [Location: world 1818.30 150.00 -616.70]
(2025-06-10 12:58:09) SAOEasyv was punished [Check: KillAuraD (Impossible)] [Violations: 5/5] [TPS: 20.00]  [Ping: 269ms (high stability)] [Client: Vanilla] [Location: world 1818.30 150.00 -616.70]
(2025-06-10 12:58:09) SAOEasyv was flagged [Check: KillAuraD (Impossible)] [Violations: 5/5] [TPS: 20.00] [Ping: 269ms (high stability)] [Client: Vanilla] [Location: world 1818.30 150.00 -616.70]
(2025-06-10 12:58:10) nambunvll was flagged [Check: KillAuraD (Impossible)] [Violations: 1/5] [TPS: 20.00] [Ping: 260ms (high stability)] [Client: Fabric] [Location: world 6546.47 63.00 1272.31]
(2025-06-10 12:58:56) SAOEasyv was flagged [Check: KillAuraD (Impossible)] [Violations: 1/5] [TPS: 20.00] [Ping: 269ms (high stability)] [Client: Vanilla] [Location: world 1818.30 150.00 -616.70]
(2025-06-10 12:58:58) SAOEasyv was flagged [Check: KillAuraD (Impossible)] [Violations: 3/5] [TPS: 20.00] [Ping: 269ms (high stability)] [Client: Vanilla] [Location: world 1818.30 150.00 -616.70]
(2025-06-10 12:58:59) SAOEasyv was flagged [Check: KillAuraD (Impossible)] [Violations: 4/5] [TPS: 20.00] [Ping: 269ms (high stability)] [Client: Vanilla] [Location: world 1818.30 150.00 -616.70]
(2025-06-10 12:59:01) SAOEasyv was flagged [Check: KillAuraD (Impossible)] [Violations: 5/5] [TPS: 20.00] [Ping: 269ms (high stability)] [Client: Vanilla] [Location: world 1818.30 150.00 -616.70]
(2025-06-10 12:59:01) SAOEasyv was punished [Check: KillAuraD (Impossible)] [Violations: 5/5] [TPS: 20.00]  [Ping: 269ms (high stability)] [Client: Vanilla] [Location: world 1818.30 150.00 -616.70]
(2025-06-10 13:01:14) nambunvll was flagged [Check: KillAuraD (Impossible)] [Violations: 1/5] [TPS: 20.00] [Ping: 260ms (high stability)] [Client: Fabric] [Location: world 6546.54 63.00 1274.84]
(2025-06-10 13:04:40) damuocdat was flagged [Check: ScaffoldA (Rotation)] [Violations: 1/10] [TPS: 20.00] [Ping: 132ms (high stability)] [Client: Vanilla] [Location: world_the_end 2243.30 56.00 -690.37]
(2025-06-10 13:06:07) SAOEasyv was flagged [Check: KillAuraD (Impossible)] [Violations: 1/5] [TPS: 20.00] [Ping: 269ms (high stability)] [Client: Vanilla] [Location: world 1818.30 150.00 -615.61]
(2025-06-10 13:06:10) SAOEasyv was flagged [Check: KillAuraD (Impossible)] [Violations: 3/5] [TPS: 20.00] [Ping: 269ms (high stability)] [Client: Vanilla] [Location: world 1818.30 150.00 -615.70]
(2025-06-10 13:06:11) SAOEasyv was flagged [Check: KillAuraD (Impossible)] [Violations: 4/5] [TPS: 20.00] [Ping: 272ms (high stability)] [Client: Vanilla] [Location: world 1818.30 150.00 -615.48]
(2025-06-10 13:06:16) SAOEasyv was punished [Check: KillAuraD (Impossible)] [Violations: 5/5] [TPS: 20.00]  [Ping: 269ms (high stability)] [Client: Vanilla] [Location: world 1818.30 150.00 -616.70]
(2025-06-10 13:06:16) SAOEasyv was flagged [Check: KillAuraD (Impossible)] [Violations: 5/5] [TPS: 20.00] [Ping: 269ms (high stability)] [Client: Vanilla] [Location: world 1818.30 150.00 -616.70]
(2025-06-10 13:06:54) SAOEasyv was flagged [Check: KillAuraD (Impossible)] [Violations: 1/5] [TPS: 20.00] [Ping: 269ms (high stability)] [Client: Vanilla] [Location: world 1818.31 150.00 -615.93]
(2025-06-10 13:06:55) SAOEasyv was flagged [Check: KillAuraD (Impossible)] [Violations: 3/5] [TPS: 20.00] [Ping: 269ms (high stability)] [Client: Vanilla] [Location: world 1818.33 150.00 -615.65]
(2025-06-10 13:06:59) SAOEasyv was flagged [Check: KillAuraD (Impossible)] [Violations: 4/5] [TPS: 20.00] [Ping: 269ms (high stability)] [Client: Vanilla] [Location: world 1818.30 150.00 -616.70]
(2025-06-10 13:07:01) SAOEasyv was flagged [Check: KillAuraD (Impossible)] [Violations: 5/5] [TPS: 20.00] [Ping: 269ms (high stability)] [Client: Vanilla] [Location: world 1818.30 150.00 -616.26]
(2025-06-10 13:07:01) SAOEasyv was punished [Check: KillAuraD (Impossible)] [Violations: 5/5] [TPS: 20.00]  [Ping: 269ms (high stability)] [Client: Vanilla] [Location: world 1818.30 150.00 -616.26]
(2025-06-10 13:11:47) damuocdat was flagged [Check: VelocityA (AntiKnockback)] [Violations: 1/12] [TPS: 20.00] [Ping: 110ms (high stability)] [Client: Vanilla] [Location: world_the_end 2529.55 64.00 -573.92]
(2025-06-10 13:13:44) damuocdat was flagged [Check: KillAuraB (HitBox)] [Violations: 1/8] [TPS: 20.00] [Ping: 156ms (high stability)] [Client: Vanilla] [Location: world_the_end 2639.12 61.00 -588.75]
(2025-06-10 13:14:31) damuocdat was flagged [Check: FastClimbA (ClimbingSpeed)] [Violations: 1/25] [TPS: 20.00] [Ping: 138ms (high stability)] [Client: Vanilla] [Location: world_the_end 2636.42 70.27 -587.36]
(2025-06-10 13:15:45) SAOEasyv was flagged [Check: KillAuraD (Impossible)] [Violations: 1/5] [TPS: 20.00] [Ping: 269ms (high stability)] [Client: Vanilla] [Location: world_the_end 2610.64 63.00 -590.70]
(2025-06-10 13:15:48) SAOEasyv was flagged [Check: KillAuraD (Impossible)] [Violations: 3/5] [TPS: 20.00] [Ping: 269ms (high stability)] [Client: Vanilla] [Location: world_the_end 2610.64 63.00 -590.70]
(2025-06-10 13:15:50) SAOEasyv was flagged [Check: KillAuraD (Impossible)] [Violations: 4/5] [TPS: 20.00] [Ping: 269ms (high stability)] [Client: Vanilla] [Location: world_the_end 2610.64 63.00 -590.70]
(2025-06-10 13:15:52) SAOEasyv was flagged [Check: KillAuraD (Impossible)] [Violations: 5/5] [TPS: 20.00] [Ping: 269ms (high stability)] [Client: Vanilla] [Location: world_the_end 2610.64 63.00 -590.70]
(2025-06-10 13:15:52) SAOEasyv was punished [Check: KillAuraD (Impossible)] [Violations: 5/5] [TPS: 20.00]  [Ping: 269ms (high stability)] [Client: Vanilla] [Location: world_the_end 2610.64 63.00 -590.70]
(2025-06-10 13:16:13) SAOEasyv was flagged [Check: KillAuraD (Impossible)] [Violations: 1/5] [TPS: 20.00] [Ping: 269ms (high stability)] [Client: Vanilla] [Location: world_the_end 2610.62 63.00 -590.34]
(2025-06-10 13:16:15) SAOEasyv was flagged [Check: KillAuraD (Impossible)] [Violations: 3/5] [TPS: 20.00] [Ping: 269ms (high stability)] [Client: Vanilla] [Location: world_the_end 2610.62 63.00 -590.34]
(2025-06-10 13:18:53) damuocdat was flagged [Check: KillAuraD (Impossible)] [Violations: 1/5] [TPS: 20.00] [Ping: 1152ms (high stability)] [Client: Vanilla] [Location: world 1818.30 150.00 -616.19]
(2025-06-10 13:18:54) damuocdat was flagged [Check: KillAuraD (Impossible)] [Violations: 3/5] [TPS: 20.00] [Ping: 1152ms (high stability)] [Client: Vanilla] [Location: world 1818.30 150.00 -616.19]
(2025-06-10 13:18:55) damuocdat was flagged [Check: KillAuraD (Impossible)] [Violations: 4/5] [TPS: 20.00] [Ping: 1152ms (high stability)] [Client: Vanilla] [Location: world 1818.30 150.00 -616.19]
(2025-06-10 13:18:56) damuocdat was punished [Check: KillAuraD (Impossible)] [Violations: 5/5] [TPS: 20.00]  [Ping: 1152ms (high stability)] [Client: Vanilla] [Location: world 1818.30 150.00 -616.19]
(2025-06-10 13:19:09) damuocdat was flagged [Check: KillAuraD (Impossible)] [Violations: 1/5] [TPS: 20.00] [Ping: 1152ms (high stability)] [Client: Vanilla] [Location: world 1818.30 150.00 -616.45]
(2025-06-10 13:19:12) damuocdat was flagged [Check: KillAuraD (Impossible)] [Violations: 3/5] [TPS: 20.00] [Ping: 1152ms (high stability)] [Client: Vanilla] [Location: world 1818.30 150.00 -616.70]
(2025-06-10 13:24:10) nambunvll was flagged [Check: BlockBreakA (Rotation)] [Violations: 1/10] [TPS: 20.00] [Ping: 260ms (high stability)] [Client: Fabric] [Location: world 6846.42 54.00 1591.60]
(2025-06-10 13:24:12) nambunvll was flagged [Check: BlockBreakA (Rotation)] [Violations: 2/10] [TPS: 20.00] [Ping: 260ms (high stability)] [Client: Fabric] [Location: world 6846.24 54.00 1591.83]
(2025-06-10 13:24:13) nambunvll was flagged [Check: BlockBreakA (Rotation)] [Violations: 3/10] [TPS: 20.00] [Ping: 260ms (high stability)] [Client: Fabric] [Location: world 6846.23 54.00 1591.83]
(2025-06-10 14:38:44) SAOEasyv was flagged [Check: KillAuraB (HitBox)] [Violations: 1/8] [TPS: 20.00] [Ping: 324ms (high stability)] [Client: Vanilla] [Location: world 1735.61 58.41 -500.59]
(2025-06-10 14:38:51) NotMausiii was flagged [Check: CriticalsA (Packet)] [Violations: 1/1] [TPS: 20.00] [Ping: 100ms (high stability)] [Client: Badlion] [Location: world 6861.65 71.00 1638.30]
(2025-06-10 14:38:51) NotMausiii was punished [Check: CriticalsA (Packet)] [Violations: 1/1] [TPS: 20.00]  [Ping: 100ms (high stability)] [Client: Badlion] [Location: world 6861.65 71.00 1638.30]
(2025-06-10 14:38:51) NotMausiii was flagged [Check: CriticalsA (Packet)] [Violations: 1/1] [TPS: 20.00] [Ping: 100ms (high stability)] [Client: Badlion] [Location: world 6861.65 71.00 1638.30]
(2025-06-10 14:38:51) NotMausiii was punished [Check: CriticalsA (Packet)] [Violations: 1/1] [TPS: 20.00]  [Ping: 100ms (high stability)] [Client: Badlion] [Location: world 6861.65 71.00 1638.30]
(2025-06-10 14:40:51) nambunvll was flagged [Check: SpeedC (Prediction)] [Violations: 1/40] [TPS: 20.00] [Ping: 129ms (high stability)] [Client: Fabric] [Location: world_nether 848.85 128.80 163.42]
(2025-06-10 14:40:54) nambunvll was flagged [Check: SpeedC (Prediction)] [Violations: 11/40] [TPS: 20.00] [Ping: 129ms (high stability)] [Client: Fabric] [Location: world_nether 855.19 128.75 158.21]
(2025-06-10 14:40:58) nambunvll was flagged [Check: JumpA (Speed)] [Violations: 1/20] [TPS: 20.00] [Ping: 186ms (high stability)] [Client: Fabric] [Location: world_nether 877.59 128.75 139.94]
(2025-06-10 14:41:41) nambunvll was flagged [Check: JumpA (Speed)] [Violations: 3/20] [TPS: 20.00] [Ping: 228ms (high stability)] [Client: Fabric] [Location: world_nether 1107.12 128.75 20.83]
(2025-06-10 14:41:45) nambunvll was flagged [Check: JumpA (Speed)] [Violations: 6/20] [TPS: 20.00] [Ping: 228ms (high stability)] [Client: Fabric] [Location: world_nether 1141.32 128.75 20.46]
(2025-06-10 14:46:51) NotMausiii was flagged [Check: SpeedC (Prediction)] [Violations: 1/40] [TPS: 20.00] [Ping: 104ms (high stability)] [Client: Badlion] [Location: world 6783.23 74.50 1634.09]
(2025-06-10 14:46:52) NotMausiii was flagged [Check: SpeedC (Prediction)] [Violations: 5/40] [TPS: 20.00] [Ping: 100ms (high stability)] [Client: Badlion] [Location: world 6774.19 74.75 1635.97]
(2025-06-10 14:49:40) BE_Lomono2234 was flagged [Check: FlightC (Vector)] [Violations: 1/40] [TPS: 20.00] [Ping: 0ms (high stability)] [Client: Geyser] [Location: world 6513.57 65.00 1748.82]
(2025-06-10 14:49:54) BE_Lomono2234 was flagged [Check: FlightC (Vector)] [Violations: 22/40] [TPS: 20.00] [Ping: 0ms (high stability)] [Client: Geyser] [Location: world 6465.30 65.75 1760.22]
(2025-06-10 14:49:55) BE_Lomono2234 was flagged [Check: FlightC (Vector)] [Violations: 35/40] [TPS: 20.00] [Ping: 0ms (high stability)] [Client: Geyser] [Location: world 6463.20 65.00 1761.13]
(2025-06-10 14:49:55) BE_Lomono2234 was punished [Check: FlightC (Vector)] [Violations: 40/40] [TPS: 20.00]  [Ping: 0ms (high stability)] [Client: Geyser] [Location: world 6463.11 65.00 1761.16]
(2025-06-10 14:50:36) NotMausiii was flagged [Check: FlightA (Acceleration)] [Violations: 1/40] [TPS: 20.00] [Ping: 113ms (high stability)] [Client: Badlion] [Location: world 6638.92 -19.98 1648.20]
(2025-06-10 14:52:37) NotMausiii was flagged [Check: FlightC (Vector)] [Violations: 1/40] [TPS: 20.00] [Ping: 100ms (high stability)] [Client: Badlion] [Location: world 6733.34 -47.23 1554.17]
(2025-06-10 14:52:44) NotMausiii was flagged [Check: FlightC (Vector)] [Violations: 34/40] [TPS: 20.00] [Ping: 100ms (high stability)] [Client: Badlion] [Location: world 6721.30 -34.25 1542.80]
(2025-06-10 14:52:56) BE_AdoredFawn913 was flagged [Check: BlockPlaceA (Rotation)] [Violations: 1/10] [TPS: 20.00] [Ping: 0ms (high stability)] [Client: Geyser] [Location: world 2176.69 -48.00 -629.51]
(2025-06-10 14:57:32) nambunvll was flagged [Check: SpeedC (Prediction)] [Violations: 1/40] [TPS: 20.00] [Ping: 274ms (high stability)] [Client: Fabric] [Location: world 6827.28 75.25 1634.10]
(2025-06-10 14:57:33) nambunvll was flagged [Check: SpeedC (Prediction)] [Violations: 11/40] [TPS: 20.00] [Ping: 274ms (high stability)] [Client: Fabric] [Location: world 6819.75 75.00 1634.15]
(2025-06-10 14:57:34) nambunvll was flagged [Check: SpeedC (Prediction)] [Violations: 20/40] [TPS: 20.00] [Ping: 274ms (high stability)] [Client: Fabric] [Location: world 6811.20 75.00 1634.05]
(2025-06-10 14:57:38) SAOEasyv was flagged [Check: KillAuraD (Impossible)] [Violations: 1/5] [TPS: 20.00] [Ping: 403ms (high stability)] [Client: Vanilla] [Location: world 1816.79 150.00 -618.24]
(2025-06-10 14:57:38) nambunvll was flagged [Check: SpeedC (Prediction)] [Violations: 29/40] [TPS: 20.00] [Ping: 274ms (high stability)] [Client: Fabric] [Location: world 6793.28 75.17 1633.80]
(2025-06-10 14:57:39) nambunvll was flagged [Check: SpeedC (Prediction)] [Violations: 1/40] [TPS: 20.00] [Ping: 274ms (high stability)] [Client: Fabric] [Location: world 6788.08 75.18 1633.79]
(2025-06-10 14:57:39) nambunvll was punished [Check: SpeedC (Prediction)] [Violations: 40/40] [TPS: 20.00]  [Ping: 274ms (high stability)] [Client: Fabric] [Location: world 6788.08 75.18 1633.79]
(2025-06-10 14:57:42) SAOEasyv was flagged [Check: KillAuraD (Impossible)] [Violations: 3/5] [TPS: 20.00] [Ping: 403ms (high stability)] [Client: Vanilla] [Location: world 1816.79 150.00 -618.24]
(2025-06-10 14:57:45) SAOEasyv was flagged [Check: KillAuraD (Impossible)] [Violations: 1/5] [TPS: 20.00] [Ping: 403ms (high stability)] [Client: Vanilla] [Location: world 1816.79 150.00 -618.24]
(2025-06-10 14:57:49) SAOEasyv was flagged [Check: KillAuraD (Impossible)] [Violations: 2/5] [TPS: 20.00] [Ping: 376ms (high stability)] [Client: Vanilla] [Location: world 1816.79 150.00 -618.24]
(2025-06-10 14:57:51) SAOEasyv was flagged [Check: KillAuraD (Impossible)] [Violations: 3/5] [TPS: 20.00] [Ping: 376ms (high stability)] [Client: Vanilla] [Location: world 1816.79 150.00 -618.24]
(2025-06-10 14:57:53) SAOEasyv was flagged [Check: KillAuraD (Impossible)] [Violations: 4/5] [TPS: 20.00] [Ping: 376ms (high stability)] [Client: Vanilla] [Location: world 1816.79 150.00 -618.24]
(2025-06-10 14:57:56) SAOEasyv was flagged [Check: KillAuraD (Impossible)] [Violations: 5/5] [TPS: 20.00] [Ping: 376ms (high stability)] [Client: Vanilla] [Location: world 1816.79 150.00 -618.24]
(2025-06-10 14:57:56) SAOEasyv was punished [Check: KillAuraD (Impossible)] [Violations: 5/5] [TPS: 20.00]  [Ping: 376ms (high stability)] [Client: Vanilla] [Location: world 1816.79 150.00 -618.24]
(2025-06-10 14:59:22) nambunvll was flagged [Check: CriticalsA (Packet)] [Violations: 1/1] [TPS: 20.00] [Ping: 155ms (high stability)] [Client: Fabric] [Location: world 6750.09 63.80 1624.97]
(2025-06-10 14:59:22) nambunvll was punished [Check: CriticalsA (Packet)] [Violations: 1/1] [TPS: 20.00]  [Ping: 155ms (high stability)] [Client: Fabric] [Location: world 6750.09 63.80 1624.97]
(2025-06-10 14:59:22) nambunvll was punished [Check: CriticalsA (Packet)] [Violations: 1/1] [TPS: 20.00]  [Ping: 155ms (high stability)] [Client: Fabric] [Location: world 6750.09 63.80 1624.97]
(2025-06-10 14:59:22) nambunvll was flagged [Check: CriticalsA (Packet)] [Violations: 1/1] [TPS: 20.00] [Ping: 155ms (high stability)] [Client: Fabric] [Location: world 6750.09 63.80 1624.97]
(2025-06-10 15:01:55) SAOEasyv was flagged [Check: KillAuraB (HitBox)] [Violations: 1/8] [TPS: 20.00] [Ping: 376ms (high stability)] [Client: Vanilla] [Location: world 1817.13 150.00 -618.24]
(2025-06-10 15:02:06) damuocdat was flagged [Check: FlightC (Vector)] [Violations: 1/40] [TPS: 20.00] [Ping: 133ms (high stability)] [Client: Vanilla] [Location: world 2501.72 67.75 -1515.15]
(2025-06-10 15:02:27) SAOEasyv was flagged [Check: KillAuraD (Impossible)] [Violations: 1/5] [TPS: 20.00] [Ping: 376ms (high stability)] [Client: Vanilla] [Location: world 1818.30 150.00 -615.93]
(2025-06-10 15:02:31) SAOEasyv was flagged [Check: KillAuraD (Impossible)] [Violations: 3/5] [TPS: 20.00] [Ping: 376ms (high stability)] [Client: Vanilla] [Location: world 1818.30 150.00 -615.87]
(2025-06-10 15:02:42) damuocdat was flagged [Check: CriticalsB (MiniJump)] [Violations: 1/3] [TPS: 20.00] [Ping: 156ms (high stability)] [Client: Vanilla] [Location: world 2457.10 74.23 -1365.50]
(2025-06-10 15:03:06) damuocdat was flagged [Check: FlightC (Vector)] [Violations: 3/40] [TPS: 20.00] [Ping: 141ms (high stability)] [Client: Vanilla] [Location: world 2461.78 80.25 -1292.26]
(2025-06-10 15:03:14) NotMausiii was flagged [Check: FlightC (Vector)] [Violations: 1/40] [TPS: 20.00] [Ping: 131ms (high stability)] [Client: Badlion] [Location: world 6840.70 70.42 1629.70]
(2025-06-10 15:03:23) nambunvll was flagged [Check: SpeedC (Prediction)] [Violations: 1/40] [TPS: 20.00] [Ping: 274ms (high stability)] [Client: Fabric] [Location: world 6791.50 74.80 1633.73]
(2025-06-10 15:03:24) nambunvll was flagged [Check: SpeedC (Prediction)] [Violations: 4/40] [TPS: 20.00] [Ping: 274ms (high stability)] [Client: Fabric] [Location: world 6798.30 74.75 1633.79]
(2025-06-10 15:03:26) nambunvll was flagged [Check: SpeedC (Prediction)] [Violations: 14/40] [TPS: 20.00] [Ping: 249ms (high stability)] [Client: Fabric] [Location: world 6806.38 74.42 1633.66]
(2025-06-10 15:03:27) nambunvll was flagged [Check: SpeedC (Prediction)] [Violations: 21/40] [TPS: 20.00] [Ping: 249ms (high stability)] [Client: Fabric] [Location: world 6814.82 74.42 1633.80]
(2025-06-10 15:03:28) nambunvll was flagged [Check: SpeedC (Prediction)] [Violations: 28/40] [TPS: 20.00] [Ping: 249ms (high stability)] [Client: Fabric] [Location: world 6823.51 74.42 1634.08]
(2025-06-10 15:03:29) nambunvll was punished [Check: SpeedC (Prediction)] [Violations: 40/40] [TPS: 20.00]  [Ping: 274ms (high stability)] [Client: Fabric] [Location: world 6829.77 75.18 1634.02]
(2025-06-10 15:05:56) BE_Minhdzzzzzzzz was flagged [Check: FlightA (Acceleration)] [Violations: 1/40] [TPS: 20.00] [Ping: 0ms (high stability)] [Client: Geyser] [Location: world 5783.70 70.42 4366.56]
(2025-06-10 15:06:05) BE_Minhdzzzzzzzz was flagged [Check: FlightC (Vector)] [Violations: 6/40] [TPS: 20.00] [Ping: 0ms (high stability)] [Client: Geyser] [Location: world 5822.17 73.00 4338.80]
(2025-06-10 15:08:53) nambunvll was flagged [Check: SpeedC (Prediction)] [Violations: 1/40] [TPS: 20.00] [Ping: 274ms (high stability)] [Client: Fabric] [Location: world 6813.90 74.80 1634.38]
(2025-06-10 15:08:54) nambunvll was flagged [Check: SpeedC (Prediction)] [Violations: 17/40] [TPS: 20.00] [Ping: 274ms (high stability)] [Client: Fabric] [Location: world 6806.67 75.25 1634.33]
(2025-06-10 15:08:55) nambunvll was flagged [Check: SpeedC (Prediction)] [Violations: 33/40] [TPS: 20.00] [Ping: 265ms (high stability)] [Client: Fabric] [Location: world 6798.81 75.00 1634.18]
(2025-06-10 15:08:56) nambunvll was punished [Check: SpeedC (Prediction)] [Violations: 40/40] [TPS: 20.00]  [Ping: 265ms (high stability)] [Client: Fabric] [Location: world 6794.89 74.75 1634.15]
(2025-06-10 15:08:56) nambunvll was flagged [Check: SpeedC (Prediction)] [Violations: 1/40] [TPS: 20.00] [Ping: 265ms (high stability)] [Client: Fabric] [Location: world 6794.89 74.75 1634.15]
(2025-06-10 15:09:05) nambunvll was flagged [Check: SpeedC (Prediction)] [Violations: 2/40] [TPS: 20.00] [Ping: 0ms (high stability)] [Client: Fabric] [Location: world 6779.76 74.75 1634.13]
(2025-06-10 15:09:07) nambunvll was flagged [Check: SpeedC (Prediction)] [Violations: 4/40] [TPS: 20.00] [Ping: 274ms (high stability)] [Client: Fabric] [Location: world 6768.93 71.75 1638.99]
(2025-06-10 15:10:00) nambunvll was flagged [Check: FlightC (Vector)] [Violations: 1/40] [TPS: 20.00] [Ping: 159ms (high stability)] [Client: Fabric] [Location: world 6760.34 68.00 1636.70]
(2025-06-10 15:10:11) nambunvll was flagged [Check: SpeedC (Prediction)] [Violations: 1/40] [TPS: 20.00] [Ping: 274ms (high stability)] [Client: Fabric] [Location: world 6804.02 75.25 1634.28]
(2025-06-10 15:10:13) nambunvll was flagged [Check: SpeedC (Prediction)] [Violations: 17/40] [TPS: 20.00] [Ping: 274ms (high stability)] [Client: Fabric] [Location: world 6815.82 75.00 1634.22]
(2025-06-10 15:10:14) nambunvll was flagged [Check: SpeedC (Prediction)] [Violations: 19/40] [TPS: 20.00] [Ping: 274ms (high stability)] [Client: Fabric] [Location: world 6824.02 74.75 1634.17]
(2025-06-10 15:10:15) nambunvll was flagged [Check: SpeedC (Prediction)] [Violations: 28/40] [TPS: 20.00] [Ping: 274ms (high stability)] [Client: Fabric] [Location: world 6830.97 74.50 1634.17]
(2025-06-10 15:10:18) nambunvll was flagged [Check: SpeedC (Prediction)] [Violations: 39/40] [TPS: 20.00] [Ping: 274ms (high stability)] [Client: Fabric] [Location: world 6850.64 74.75 1629.21]
(2025-06-10 15:15:19) NotMausiii was flagged [Check: CriticalsA (Packet)] [Violations: 1/1] [TPS: 20.00] [Ping: 133ms (high stability)] [Client: Badlion] [Location: world 6853.03 73.12 1633.75]
(2025-06-10 15:15:19) NotMausiii was punished [Check: CriticalsA (Packet)] [Violations: 1/1] [TPS: 20.00]  [Ping: 133ms (high stability)] [Client: Badlion] [Location: world 6853.03 73.12 1633.75]
(2025-06-10 15:15:19) NotMausiii was flagged [Check: CriticalsA (Packet)] [Violations: 1/1] [TPS: 20.00] [Ping: 133ms (high stability)] [Client: Badlion] [Location: world 6853.03 73.12 1633.75]
(2025-06-10 15:15:19) NotMausiii was punished [Check: CriticalsA (Packet)] [Violations: 1/1] [TPS: 20.00]  [Ping: 133ms (high stability)] [Client: Badlion] [Location: world 6853.03 73.12 1633.75]
(2025-06-10 15:17:16) NotMausiii was flagged [Check: FlightA (Acceleration)] [Violations: 1/40] [TPS: 20.00] [Ping: 97ms (high stability)] [Client: Badlion] [Location: world 6866.54 78.02 1663.79]
(2025-06-10 15:19:26) NotMausiii was flagged [Check: SpeedC (Prediction)] [Violations: 1/40] [TPS: 20.00] [Ping: 111ms (high stability)] [Client: Badlion] [Location: world 6820.92 74.50 1634.73]
(2025-06-10 15:19:28) NotMausiii was flagged [Check: SpeedC (Prediction)] [Violations: 13/40] [TPS: 20.00] [Ping: 100ms (high stability)] [Client: Badlion] [Location: world 6810.83 74.75 1634.66]
(2025-06-10 15:21:32) nambunvll was flagged [Check: FlightC (Vector)] [Violations: 1/40] [TPS: 20.00] [Ping: 275ms (high stability)] [Client: Fabric] [Location: world 6858.51 75.25 1635.35]
(2025-06-10 15:23:21) nambunvll was flagged [Check: ScaffoldB (Sprint)] [Violations: 1/10] [TPS: 20.00] [Ping: 0ms (high stability)] [Client: Fabric] [Location: world 6870.51 74.00 1620.63]
(2025-06-10 15:23:39) nambunvll was flagged [Check: ScaffoldB (Sprint)] [Violations: 2/10] [TPS: 20.00] [Ping: 72ms (high stability)] [Client: Fabric] [Location: world 6851.20 74.00 1619.37]
(2025-06-10 15:23:40) nambunvll was flagged [Check: ScaffoldB (Sprint)] [Violations: 7/10] [TPS: 20.00] [Ping: 72ms (high stability)] [Client: Fabric] [Location: world 6845.59 74.00 1619.46]
(2025-06-10 15:23:41) nambunvll was flagged [Check: ScaffoldB (Sprint)] [Violations: 8/10] [TPS: 20.00] [Ping: 274ms (high stability)] [Client: Fabric] [Location: world 6844.30 74.00 1620.73]
(2025-06-10 15:23:47) nambunvll was flagged [Check: ScaffoldB (Sprint)] [Violations: 9/10] [TPS: 20.00] [Ping: 274ms (high stability)] [Client: Fabric] [Location: world 6854.52 74.00 1637.58]
(2025-06-10 15:23:47) nambunvll was punished [Check: ScaffoldB (Sprint)] [Violations: 10/10] [TPS: 20.00]  [Ping: 274ms (high stability)] [Client: Fabric] [Location: world 6855.65 74.00 1637.59]
(2025-06-10 15:28:18) SAOEasyv was flagged [Check: FlightC (Vector)] [Violations: 1/40] [TPS: 20.00] [Ping: 426ms (high stability)] [Client: Vanilla] [Location: world 2240.70 64.75 -1119.12]
(2025-06-10 15:28:31) SAOEasyv was flagged [Check: FlightC (Vector)] [Violations: 3/40] [TPS: 20.00] [Ping: 376ms (high stability)] [Client: Vanilla] [Location: world 2298.23 75.25 -1152.83]
